#
# A fatal error has been detected by the Java Runtime Environment:
#
#  EXCEPTION_UNCAUGHT_CXX_EXCEPTION (0xe06d7363) at pc=0x00007ff9537bf218, pid=12072, tid=11496
#
# JRE version: Java(TM) SE Runtime Environment (9.0+11) (build 9.0.4+11)
# Java VM: Java HotSpot(TM) 64-Bit Server VM (9.0.4+11, mixed mode, tiered, compressed oops, g1 gc, windows-amd64)
# Problematic frame:
# C  [KERNELBASE.dll+0x3f218]
#
# No core dump will be written. Minidumps are not enabled by default on client versions of Windows
#
# If you would like to submit a bug report, please visit:
#   http://bugreport.java.com/bugreport/crash.jsp
# The crash happened outside the Java Virtual Machine in native code.
# See problematic frame for where to report the bug.
#

---------------  S U M M A R Y ------------

Command Line: -Dsun.java2d.pmoffscreen=false -Dsun.java2d.xrender=false -Dsun.java2d.d3d=false -Dsun.awt.nopixfmt=true -Dsun.java2d.dpiaware=true -Dsun.java2d.uiScale.enabled=false -Xverify:none -Dswing.aatext=true -XX:-UsePerfData -Djdk.map.althashing.threshold=512 -XX:StringTableSize=4072 --add-opens=java.base/java.nio=ALL-UNNAMED --add-opens=java.desktop/sun.swing=ALL-UNNAMED --add-opens=java.desktop/javax.swing=ALL-UNNAMED --add-opens=java.desktop/javax.swing.tree=ALL-UNNAMED --add-opens=java.desktop/javax.swing.plaf.basic=ALL-UNNAMED --add-opens=java.desktop/javax.swing.plaf.synth=ALL-UNNAMED --add-opens=java.desktop/com.sun.awt=ALL-UNNAMED -XX:NewSize=60m -XX:MaxNewSize=60m -Xms128m -Xmx3072m -Xss5m 

Host: Intel(R) Core(TM) i7-8700 CPU @ 3.20GHz, 12 cores, 15G,  Windows 10 , 64 bit Build 17134 (10.0.17134.1)
Time: Wed Dec 18 11:21:28 2019 ?D1¨²¡À¨º¡Á?¨º¡À?? elapsed time: 2985 seconds (0d 0h 49m 45s)

---------------  T H R E A D  ---------------

Current thread (0x0000023b093c0000):  JavaThread "AWT-EventQueue-1" [_thread_in_native, id=11496, stack(0x0000008266800000,0x0000008266d00000)]

Stack: [0x0000008266800000,0x0000008266d00000],  sp=0x0000008266cfc660,  free space=5105k
Native frames: (J=compiled Java code, j=interpreted, Vv=VM code, C=native code)
C  [KERNELBASE.dll+0x3f218]
C  [VCRUNTIME140.dll+0x4462]
C  [librdi_common.dll+0x56d20b]
C  [MSVCP140.dll+0x18307]
C  [ucrtbase.dll+0x68b0c]
C  [librdi_common.dll+0x723ca7]
C  [librdi_common.dll+0x1293b9]
C  0x00007ff8ee2c3e4d
C  0x0000023b76b6013a

Java frames: (J=compiled Java code, j=interpreted, Vv=VM code)
J 22406  ui.data.labtools.lthwdatai.HWDevice_getName(J)Ljava/lang/String; (0 bytes) @ 0x0000023b76b600a1 [0x0000023b76b60060+0x0000000000000041]
J 22612 c1 ui.data.labtools.d.Ev()Ljava/lang/String; (8 bytes) @ 0x0000023b70745e34 [0x0000023b70745dc0+0x0000000000000074]
j  ui.data.labtools.d.getName()Ljava/lang/String;+1
j  ui.views.cx.fck()Ljava/lang/String;+11
j  ui.views.bA.fck()Ljava/lang/String;+33
j  ui.views.cx.bE(Lui/data/bp;)V+29
j  ui.views.cx.fed()V+41
j  ui.views.cx.dd(Ljava/util/Collection;)V+260
j  ui.views.cx.a(Lui/views/cD;)V+116
j  ui.views.bA.a(Lui/views/cD;)V+2
J 22594 c1 ui.data.B.a(Lui/data/ah;Lui/frmwork/b/a;)V (115 bytes) @ 0x0000023b70c5c74c [0x0000023b70c5c2e0+0x000000000000046c]
J 22593 c1 ui.data.ag.a(Lui/frmwork/b/a;)V (9 bytes) @ 0x0000023b7071cadc [0x0000023b7071ca40+0x000000000000009c]
J 20869 c1 ui.frmwork.b.c.g(Lui/frmwork/b/a;)V (94 bytes) @ 0x0000023b6f1927bc [0x0000023b6f191f20+0x000000000000089c]
J 21306 c1 ui.frmwork.b.c.b(Lui/frmwork/b/a;)V (64 bytes) @ 0x0000023b6faf6a3c [0x0000023b6faf6600+0x000000000000043c]
J 19392 c1 ui.data.design.o.aha()V (238 bytes) @ 0x0000023b6fa00994 [0x0000023b6f9fe600+0x0000000000002394]
J 18538 c1 ui.data.design.p.da()V (128 bytes) @ 0x0000023b6e267f7c [0x0000023b6e267280+0x0000000000000cfc]
J 19480 c2 ui.utils.C.actionPerformed(Ljava/awt/event/ActionEvent;)V (132 bytes) @ 0x0000023b763a5900 [0x0000023b763a58a0+0x0000000000000060]
J 19412 c2 ui.utils.B.fireActionPerformed(Ljava/awt/event/ActionEvent;)V (49 bytes) @ 0x0000023b76359428 [0x0000023b763592c0+0x0000000000000168]
J 19400 c2 javax.swing.Timer$DoPostEvent.run()V java.desktop@9.0.4 (82 bytes) @ 0x0000023b762d7eec [0x0000023b762d7be0+0x000000000000030c]
J 12466 c2 java.awt.EventQueue$3.run()Ljava/lang/Object; java.desktop@9.0.4 (5 bytes) @ 0x0000023b75ae3e10 [0x0000023b75ae3880+0x0000000000000590]
v  ~StubRoutines::call_stub
J 4050  java.security.AccessController.doPrivileged(Ljava/security/PrivilegedAction;Ljava/security/AccessControlContext;)Ljava/lang/Object; java.base@9.0.4 (0 bytes) @ 0x0000023b7594c5c6 [0x0000023b7594c560+0x0000000000000066]
J 12385 c2 ui.frmwork.b.d.dispatchEvent(Ljava/awt/AWTEvent;)V (34 bytes) @ 0x0000023b760de54c [0x0000023b760de220+0x000000000000032c]
J 22595 c2 java.awt.EventDispatchThread.pumpOneEventForFilters(I)V java.desktop@9.0.4 (218 bytes) @ 0x0000023b76bc4754 [0x0000023b76bc4480+0x00000000000002d4]
J 21046% c2 java.awt.EventDispatchThread.pumpEventsForFilter(ILjava/awt/Conditional;Ljava/awt/EventFilter;)V java.desktop@9.0.4 (47 bytes) @ 0x0000023b763431d8 [0x0000023b763430c0+0x0000000000000118]
j  java.awt.EventDispatchThread.pumpEventsForHierarchy(ILjava/awt/Conditional;Ljava/awt/Component;)V+11 java.desktop@9.0.4
j  java.awt.EventDispatchThread.pumpEvents(ILjava/awt/Conditional;)V+4 java.desktop@9.0.4
j  java.awt.EventDispatchThread.pumpEvents(Ljava/awt/Conditional;)V+3 java.desktop@9.0.4
j  java.awt.EventDispatchThread.run()V+9 java.desktop@9.0.4
v  ~StubRoutines::call_stub

siginfo: EXCEPTION_UNCAUGHT_CXX_EXCEPTION (0xe06d7363), ExceptionInformation=0x0000000019930520 0x0000008266cfc7e0 0x00007ff92598e2b8 0x00007ff924e50000 


Register to memory mapping:

RIP=0x00007ff9537bf218 KERNELBASE.dll
RAX=0x000000005540d9ea jvm.dll
RBX=0x00007ff9253bd1c0 librdi_common.dll
RCX=0x000000000000028a is an unknown value
RDX=0x0000008266cfc300 is pointing into the stack for thread: 0x0000023b093c0000
RSP=0x0000008266cfc660 is pointing into the stack for thread: 0x0000023b093c0000
RBP=0x0000008266cfc7a0 is pointing into the stack for thread: 0x0000023b093c0000
RSI=0x00007ff92598e2b8 librdi_common.dll
RDI=0x000000090000000b is an unknown value
R8 =0x0000008266cfc300 is pointing into the stack for thread: 0x0000023b093c0000
R9 =0x0000008266cfc300 is pointing into the stack for thread: 0x0000023b093c0000
R10=0x00000000559c2248 jvm.dll
R11=0x0000023b663d2f70 is an unknown value
R12=0x0000000000000000 is an unknown value
R13=0x0000008266cfccd0 is pointing into the stack for thread: 0x0000023b093c0000
R14=0x0000008266cfc7e0 is pointing into the stack for thread: 0x0000023b093c0000
R15=0x0000023b644b1c90 is an unknown value


Registers:
RAX=0x000000005540d9ea, RBX=0x00007ff9253bd1c0, RCX=0x000000000000028a, RDX=0x0000008266cfc300
RSP=0x0000008266cfc660, RBP=0x0000008266cfc7a0, RSI=0x00007ff92598e2b8, RDI=0x000000090000000b
R8 =0x0000008266cfc300, R9 =0x0000008266cfc300, R10=0x00000000559c2248, R11=0x0000023b663d2f70
R12=0x0000000000000000, R13=0x0000008266cfccd0, R14=0x0000008266cfc7e0, R15=0x0000023b644b1c90
RIP=0x00007ff9537bf218, EFLAGS=0x0000000000000206

Top of Stack: (sp=0x0000008266cfc660)
0x0000008266cfc660:   00000007000432d0 00007ff9253bd1c0
0x0000008266cfc670:   00007ff92598e2b8 000000090000000b
0x0000008266cfc680:   00000001e06d7363 0000000000000000
0x0000008266cfc690:   00007ff9537bf218 0000000700000004
0x0000008266cfc6a0:   0000000019930520 0000008266cfc7e0
0x0000008266cfc6b0:   00007ff92598e2b8 00007ff924e50000
0x0000008266cfc6c0:   0000008266cfc7e0 0000000000000000
0x0000008266cfc6d0:   000000090000000b 00007ff92598e2b8
0x0000008266cfc6e0:   0000008266cfc7a0 00007ff956b5a39f
0x0000008266cfc6f0:   0000008266cfc7c0 00007ff900000000
0x0000008266cfc700:   0000000000000000 0000000000000000
0x0000008266cfc710:   00007ff925c56000 00007ff924e50000
0x0000008266cfc720:   000077aab067fe38 0000001200000016
0x0000008266cfc730:   00007ff9253bd1c0 00007ff925d14462
0x0000008266cfc740:   00000000000003ff 0000000000000000
0x0000008266cfc750:   0000023b5d3b0000 0000008266cfcb90 

Instructions: (pc=0x00007ff9537bf218)
0x00007ff9537bf1f8:   49 8b d1 44 0f 47 c0 44 89 44 24 38 49 c1 e0 03
0x00007ff9537bf208:   e8 fa db 03 00 48 8d 4c 24 20 ff 15 60 32 14 00
0x00007ff9537bf218:   48 8b 8c 24 c0 00 00 00 48 33 cc e8 28 ab 03 00
0x00007ff9537bf228:   48 81 c4 d8 00 00 00 c3 83 64 24 38 00 eb d6 cc 



---------------  P R O C E S S  ---------------

Java Threads: ( => current thread )
  0x0000023b0ac9e000 JavaThread "Image Animator 0" daemon [_thread_blocked, id=8588, stack(0x0000008272000000,0x0000008272500000)]
  0x0000023b0ac9f800 JavaThread "Timer-10" [_thread_blocked, id=12424, stack(0x0000008271600000,0x0000008271b00000)]
  0x0000023b0ac9d800 JavaThread "Monitor File Timestamp Swing Worker" [_thread_blocked, id=12976, stack(0x0000008271100000,0x0000008271600000)]
  0x0000023b0ac9f000 JavaThread "Timer-9" [_thread_blocked, id=5720, stack(0x0000008270c00000,0x0000008271100000)]
  0x0000023b0aca2000 JavaThread "Monitor File Timestamp Swing Worker" [_thread_blocked, id=3472, stack(0x0000008270700000,0x0000008270c00000)]
  0x0000023b1925d000 JavaThread "Timer-8" [_thread_blocked, id=168, stack(0x0000008270200000,0x0000008270700000)]
  0x0000023b17b29800 JavaThread "Thread-2908" [_thread_in_native, id=8768, stack(0x000000826aa00000,0x000000826ab00000)]
  0x0000023b1925c000 JavaThread "Thread-2779" [_thread_in_native, id=8300, stack(0x0000008268900000,0x0000008268a00000)]
  0x0000023b1925a800 JavaThread "Thread-2712" [_thread_in_native, id=12816, stack(0x0000008268900000,0x0000008268a00000)]
  0x0000023b1925f000 JavaThread "Thread-2656" [_thread_in_native, id=11376, stack(0x0000008268900000,0x0000008268a00000)]
  0x0000023b1925d800 JavaThread "Thread-2631" [_thread_in_native, id=5272, stack(0x0000008268900000,0x0000008268a00000)]
  0x0000023b1925a000 JavaThread "Thread-2627" [_thread_in_native, id=10408, stack(0x0000008268a00000,0x0000008268b00000)]
  0x0000023b1925b800 JavaThread "Thread-2619" [_thread_in_native, id=10992, stack(0x0000008268900000,0x0000008268a00000)]
  0x0000023b1925e800 JavaThread "Thread-2602" [_thread_in_native, id=1252, stack(0x0000008268900000,0x0000008268a00000)]
  0x0000023b19251800 JavaThread "Monitor File Timestamp Swing Worker" [_thread_blocked, id=9048, stack(0x000000826fd00000,0x0000008270200000)]
  0x0000023b19258800 JavaThread "Timer-7" [_thread_blocked, id=900, stack(0x000000826f800000,0x000000826fd00000)]
  0x0000023b19251000 JavaThread "Monitor File Timestamp Swing Worker" [_thread_blocked, id=13016, stack(0x000000826f300000,0x000000826f800000)]
  0x0000023b19257800 JavaThread "Timer-6" [_thread_blocked, id=12344, stack(0x000000826ee00000,0x000000826f300000)]
  0x0000023b19257000 JavaThread "Monitor File Timestamp Swing Worker" [_thread_blocked, id=4964, stack(0x000000826e900000,0x000000826ee00000)]
  0x0000023b19250000 JavaThread "Timer-5" [_thread_blocked, id=2300, stack(0x000000826e400000,0x000000826e900000)]
  0x0000023b19256000 JavaThread "Monitor File Timestamp Swing Worker" [_thread_blocked, id=2512, stack(0x000000826df00000,0x000000826e400000)]
  0x0000023b19252800 JavaThread "Timer-4" [_thread_blocked, id=2508, stack(0x000000826da00000,0x000000826df00000)]
  0x0000023b19253000 JavaThread "Monitor File Timestamp Swing Worker" [_thread_blocked, id=13084, stack(0x000000826ce00000,0x000000826d300000)]
  0x0000023b19255800 JavaThread "Timer-3" [_thread_blocked, id=13112, stack(0x000000826ba00000,0x000000826bf00000)]
  0x0000023b19254000 JavaThread "Thread-2194" [_thread_in_native, id=1184, stack(0x0000008268a00000,0x0000008268b00000)]
  0x0000023b19254800 JavaThread "Thread-2163" [_thread_in_native, id=7936, stack(0x0000008268a00000,0x0000008268b00000)]
  0x0000023b10704800 JavaThread "Thread-2158" [_thread_in_native, id=6508, stack(0x0000008268b00000,0x0000008268c00000)]
  0x0000023b1070b800 JavaThread "Thread-2078" [_thread_in_native, id=12540, stack(0x0000008268a00000,0x0000008268b00000)]
  0x0000023b17b33800 JavaThread "Thread-578" [_thread_in_native, id=11640, stack(0x000000825ea00000,0x000000825eb00000)]
  0x0000023b17b32800 JavaThread "Thread-504" [_thread_in_native, id=10232, stack(0x000000825ea00000,0x000000825eb00000)]
  0x0000023b17b31000 JavaThread "Monitor File Timestamp Swing Worker" [_thread_blocked, id=9008, stack(0x000000826c900000,0x000000826ce00000)]
  0x0000023b17b35000 JavaThread "Timer-2" [_thread_blocked, id=8492, stack(0x000000826c400000,0x000000826c900000)]
  0x0000023b17b2f000 JavaThread "Thread-475" [_thread_in_native, id=10248, stack(0x000000825ea00000,0x000000825eb00000)]
  0x0000023b17b30800 JavaThread "Thread-469" [_thread_in_native, id=12200, stack(0x0000008268b00000,0x0000008268c00000)]
  0x0000023b17b2f800 JavaThread "Thread-457" [_thread_in_native, id=10084, stack(0x000000825e900000,0x000000825ea00000)]
  0x0000023b17b32000 JavaThread "Thread-394" [_thread_in_native, id=9532, stack(0x000000826a700000,0x000000826a800000)]
  0x0000023b17b28000 JavaThread "Thread-390" [_thread_in_native, id=8900, stack(0x000000826a800000,0x000000826a900000)]
  0x0000023b17b2c000 JavaThread "Thread-301" [_thread_in_native, id=12188, stack(0x000000826bb00000,0x000000826bc00000)]
  0x0000023b17b2c800 JavaThread "Thread-295" [_thread_in_native, id=12220, stack(0x000000826bb00000,0x000000826bc00000)]
  0x0000023b17b27800 JavaThread "Image Animator 3" daemon [_thread_blocked, id=6760, stack(0x000000826bf00000,0x000000826c400000)]
  0x0000023b17b29000 JavaThread "Monitor File Timestamp Swing Worker" [_thread_blocked, id=3956, stack(0x000000826b500000,0x000000826ba00000)]
  0x0000023b17b26800 JavaThread "Timer-1" [_thread_blocked, id=3908, stack(0x000000826b000000,0x000000826b500000)]
  0x0000023b17b2d800 JavaThread "Monitor File Timestamp Swing Worker" [_thread_blocked, id=6740, stack(0x000000826ab00000,0x000000826b000000)]
  0x0000023b17b2b000 JavaThread "Timer-0" [_thread_blocked, id=6772, stack(0x0000008268e00000,0x0000008269300000)]
  0x0000023b17b26000 JavaThread "Thread-190" [_thread_in_native, id=6460, stack(0x000000826b000000,0x000000826b100000)]
  0x0000023b17b2a800 JavaThread "SyntheticaAnimation 50" daemon [_thread_blocked, id=5188, stack(0x0000008266d00000,0x0000008267200000)]
  0x0000023b651e6800 JavaThread "SyntheticaAnimation 50" daemon [_thread_blocked, id=5284, stack(0x0000008265400000,0x0000008265900000)]
  0x0000023b1070a800 JavaThread "hw_ila_monitor" [_thread_blocked, id=9752, stack(0x000000826a200000,0x000000826a700000)]
  0x0000023b106fd000 JavaThread "Update Runs Swing Worker" [_thread_blocked, id=11880, stack(0x0000008269d00000,0x000000826a200000)]
  0x0000023b106ff800 JavaThread "Refresh Filesets Swing Worker" [_thread_blocked, id=11156, stack(0x0000008269800000,0x0000008269d00000)]
  0x0000023b651e9000 JavaThread "SyntheticaAnimation 70" daemon [_thread_blocked, id=4512, stack(0x0000008269300000,0x0000008269800000)]
  0x0000023b651e6000 JavaThread "SyntheticaAnimation 25" daemon [_thread_blocked, id=812, stack(0x0000008268400000,0x0000008268900000)]
  0x0000023b651e7800 JavaThread "SyntheticaAnimation 50" daemon [_thread_blocked, id=9560, stack(0x0000008267f00000,0x0000008268400000)]
  0x0000023b651e5000 JavaThread "Monitor HEventQueue" [_thread_blocked, id=11996, stack(0x0000008267a00000,0x0000008267f00000)]
  0x0000023b651e4800 JavaThread "Batik CleanerThread" daemon [_thread_blocked, id=11564, stack(0x0000008267200000,0x0000008267700000)]
  0x0000023b651eb000 JavaThread "SyntheticaCleanerThread" daemon [_thread_blocked, id=11560, stack(0x0000008265900000,0x0000008265e00000)]
=>0x0000023b093c0000 JavaThread "AWT-EventQueue-1" [_thread_in_native, id=11496, stack(0x0000008266800000,0x0000008266d00000)]
  0x0000023b0a256800 JavaThread "AWT-Shutdown" [_thread_blocked, id=11492, stack(0x0000008266300000,0x0000008266800000)]
  0x0000023b09197800 JavaThread "Process Messages" [_thread_blocked, id=11500, stack(0x0000008265e00000,0x0000008266300000)]
  0x0000023b0978a000 JavaThread "Thread-1" [_thread_in_native, id=8816, stack(0x000000825ec00000,0x0000008260000000)]
  0x0000023b09151800 JavaThread "TimerQueue" daemon [_thread_blocked, id=11320, stack(0x0000008264a00000,0x0000008264f00000)]
  0x0000023b08d23800 JavaThread "AWT-Windows" daemon [_thread_in_native, id=11748, stack(0x0000008264f00000,0x0000008265400000)]
  0x0000023b08e3f800 JavaThread "Java2D Disposer" daemon [_thread_blocked, id=11196, stack(0x0000008264500000,0x0000008264a00000)]
  0x0000023b667e5800 JavaThread "Service Thread" daemon [_thread_blocked, id=11076, stack(0x0000008263f00000,0x0000008264400000)]
  0x0000023b650f7000 JavaThread "Common-Cleaner" daemon [_thread_blocked, id=11924, stack(0x0000008263a00000,0x0000008263f00000)]
  0x0000023b651ea800 JavaThread "Sweeper thread" daemon [_thread_blocked, id=11932, stack(0x0000008263500000,0x0000008263a00000)]
  0x0000023b650d7000 JavaThread "C1 CompilerThread3" daemon [_thread_blocked, id=9928, stack(0x0000008263400000,0x0000008263500000)]
  0x0000023b6402b800 JavaThread "C2 CompilerThread2" daemon [_thread_blocked, id=10080, stack(0x0000008263300000,0x0000008263400000)]
  0x0000023b64a45000 JavaThread "C2 CompilerThread1" daemon [_thread_blocked, id=10396, stack(0x0000008263200000,0x0000008263300000)]
  0x0000023b64a44800 JavaThread "C2 CompilerThread0" daemon [_thread_blocked, id=10376, stack(0x0000008263100000,0x0000008263200000)]
  0x0000023b62adc000 JavaThread "Attach Listener" daemon [_thread_blocked, id=5976, stack(0x0000008262c00000,0x0000008263100000)]
  0x0000023b62cd7800 JavaThread "Signal Dispatcher" daemon [_thread_blocked, id=5980, stack(0x0000008262700000,0x0000008262c00000)]
  0x0000023b64934000 JavaThread "Finalizer" daemon [_thread_blocked, id=6008, stack(0x0000008262200000,0x0000008262700000)]
  0x0000023b62d36800 JavaThread "Reference Handler" daemon [_thread_blocked, id=6004, stack(0x0000008261d00000,0x0000008262200000)]
  0x0000023b64fd4000 JavaThread "main" [_thread_blocked, id=8948, stack(0x0000008260200000,0x0000008260300000)]

Other Threads:
  0x0000023b62d35800 VMThread "VM Thread" [stack: 0x0000008261c00000,0x0000008261d00000] [id=6000]
  0x0000023b62d56800 WatcherThread [stack: 0x0000008264400000,0x0000008264500000] [id=11752]
  0x0000023b648b1800 GCTaskThread "GC Thread#0" [stack: 0x0000008260300000,0x0000008260400000] [id=652]
  0x0000023b656d0800 GCTaskThread "GC Thread#1" [stack: 0x0000008260400000,0x0000008260500000] [id=8920]
  0x0000023b6591e000 GCTaskThread "GC Thread#2" [stack: 0x0000008260500000,0x0000008260600000] [id=12208]
  0x0000023b6591e800 GCTaskThread "GC Thread#3" [stack: 0x0000008260600000,0x0000008260700000] [id=10220]
  0x0000023b64cdf000 GCTaskThread "GC Thread#4" [stack: 0x0000008260700000,0x0000008260800000] [id=10208]
  0x0000023b644dc000 GCTaskThread "GC Thread#5" [stack: 0x0000008260800000,0x0000008260900000] [id=10216]
  0x0000023b651e2800 GCTaskThread "GC Thread#6" [stack: 0x0000008260900000,0x0000008260a00000] [id=10428]
  0x0000023b651e2000 GCTaskThread "GC Thread#7" [stack: 0x0000008260a00000,0x0000008260b00000] [id=10420]
  0x0000023b651e3000 GCTaskThread "GC Thread#8" [stack: 0x0000008260b00000,0x0000008260c00000] [id=8892]
  0x0000023b651df800 GCTaskThread "GC Thread#9" [stack: 0x0000008260c00000,0x0000008260d00000] [id=6684]
  0x0000023b62fce800 ConcurrentGCThread "G1 Main Marker" [stack: 0x0000008261800000,0x0000008261900000] [id=1864]
  0x0000023b651dc800 ConcurrentGCThread "G1 Marker#0" [stack: 0x0000008261900000,0x0000008261a00000] [id=11132]
  0x0000023b651dd800 ConcurrentGCThread "G1 Marker#1" [stack: 0x0000008261a00000,0x0000008261b00000] [id=6020]
  0x0000023b651dd000 ConcurrentGCThread "G1 Marker#2" [stack: 0x0000008261b00000,0x0000008261c00000] [id=5996]
  0x0000023b63d0e800 ConcurrentGCThread "G1 Refine#0" [stack: 0x0000008261600000,0x0000008261700000] [id=7748]
  0x0000023b64030000 ConcurrentGCThread "G1 Refine#1" [stack: 0x0000008261500000,0x0000008261600000] [id=7736]
  0x0000023b6402f800 ConcurrentGCThread "G1 Refine#2" [stack: 0x0000008261400000,0x0000008261500000] [id=11784]
  0x0000023b650c2800 ConcurrentGCThread "G1 Refine#3" [stack: 0x0000008261300000,0x0000008261400000] [id=11756]
  0x0000023b6497e800 ConcurrentGCThread "G1 Refine#4" [stack: 0x0000008261200000,0x0000008261300000] [id=11760]
  0x0000023b63123800 ConcurrentGCThread "G1 Refine#5" [stack: 0x0000008261100000,0x0000008261200000] [id=11764]
  0x0000023b62f43800 ConcurrentGCThread "G1 Refine#6" [stack: 0x0000008261000000,0x0000008261100000] [id=1952]
  0x0000023b63e00000 ConcurrentGCThread "G1 Refine#7" [stack: 0x0000008260f00000,0x0000008261000000] [id=7556]
  0x0000023b63dff800 ConcurrentGCThread "G1 Refine#8" [stack: 0x0000008260e00000,0x0000008260f00000] [id=1960]
  0x0000023b63d50000 ConcurrentGCThread "G1 Refine#9" [stack: 0x0000008260d00000,0x0000008260e00000] [id=6712]
  0x0000023b63d0f000 ConcurrentGCThread "G1 Young RemSet Sampling" [stack: 0x0000008261700000,0x0000008261800000] [id=1860]

Threads with active compile tasks:

VM state:not at safepoint (normal execution)

VM Mutex/Monitor currently owned by a thread: None

Heap address: 0x0000000700000000, size: 3072 MB, Compressed Oops mode: Zero based, Oop shift amount: 3
Narrow klass base: 0x0000000000000000, Narrow klass shift: 3
Compressed class space size: 1073741824 Address: 0x00000007c0000000

Heap:
 garbage-first heap   total 385024K, used 81559K [0x0000000700000000, 0x0000000700100bc0, 0x00000007c0000000)
  region size 1024K, 3 young (3072K), 2 survivors (2048K)
 Metaspace       used 85613K, capacity 91752K, committed 92060K, reserved 1128448K
  class space    used 11550K, capacity 12634K, committed 12700K, reserved 1048576K
Heap Regions: E=young(eden), S=young(survivor), O=old, HS=humongous(starts), HC=humongous(continues), CS=collection set, F=free, A=archive, TS=gc time stamp, AC=allocation context, TAMS=top-at-mark-start (previous, next)
|   0|0x0000000700000000, 0x00000007000ffff0, 0x0000000700100000| 99%| O|  |TS  0|AC  0|TAMS 0x0000000700000000, 0x0000000700000000|
|   1|0x0000000700100000, 0x0000000700200000, 0x0000000700200000|100%|HS|  |TS  0|AC  0|TAMS 0x0000000700100000, 0x0000000700100000|
|   2|0x0000000700200000, 0x0000000700300000, 0x0000000700300000|100%|HC|  |TS  0|AC  0|TAMS 0x0000000700200000, 0x0000000700200000|
|   3|0x0000000700300000, 0x0000000700400000, 0x0000000700400000|100%|HS|  |TS  0|AC  0|TAMS 0x0000000700300000, 0x0000000700300000|
|   4|0x0000000700400000, 0x00000007004fffe0, 0x0000000700500000| 99%| O|  |TS  0|AC  0|TAMS 0x0000000700400000, 0x0000000700400000|
|   5|0x0000000700500000, 0x00000007005ffff0, 0x0000000700600000| 99%| O|  |TS  0|AC  0|TAMS 0x0000000700500000, 0x0000000700500000|
|   6|0x0000000700600000, 0x00000007006ffff8, 0x0000000700700000| 99%| O|  |TS  0|AC  0|TAMS 0x0000000700600000, 0x0000000700600000|
|   7|0x0000000700700000, 0x00000007007fffc0, 0x0000000700800000| 99%| O|  |TS  0|AC  0|TAMS 0x0000000700700000, 0x0000000700700000|
|   8|0x0000000700800000, 0x00000007008fffb8, 0x0000000700900000| 99%| O|  |TS  0|AC  0|TAMS 0x0000000700800000, 0x0000000700800000|
|   9|0x0000000700900000, 0x00000007009cbc90, 0x0000000700a00000| 79%| O|  |TS  0|AC  0|TAMS 0x0000000700900000, 0x0000000700900000|
|  10|0x0000000700a00000, 0x0000000700adc390, 0x0000000700b00000| 86%| O|  |TS  0|AC  0|TAMS 0x0000000700a00000, 0x0000000700a00000|
|  11|0x0000000700b00000, 0x0000000700bf6a68, 0x0000000700c00000| 96%| O|  |TS  0|AC  0|TAMS 0x0000000700b00000, 0x0000000700b00000|
|  12|0x0000000700c00000, 0x0000000700cfff60, 0x0000000700d00000| 99%| O|  |TS  0|AC  0|TAMS 0x0000000700c00000, 0x0000000700c00000|
|  13|0x0000000700d00000, 0x0000000700dffff8, 0x0000000700e00000| 99%| O|  |TS  0|AC  0|TAMS 0x0000000700d00000, 0x0000000700d00000|
|  14|0x0000000700e00000, 0x0000000700ebe4a8, 0x0000000700f00000| 74%| O|  |TS  0|AC  0|TAMS 0x0000000700e00000, 0x0000000700e00000|
|  15|0x0000000700f00000, 0x0000000700ffff90, 0x0000000701000000| 99%| O|  |TS  0|AC  0|TAMS 0x0000000700f00000, 0x0000000700f00000|
|  16|0x0000000701000000, 0x00000007010fffa8, 0x0000000701100000| 99%| O|  |TS  0|AC  0|TAMS 0x0000000701000000, 0x0000000701000000|
|  17|0x0000000701100000, 0x00000007011fffb0, 0x0000000701200000| 99%| O|  |TS  0|AC  0|TAMS 0x0000000701100000, 0x0000000701100000|
|  18|0x0000000701200000, 0x00000007012ffff8, 0x0000000701300000| 99%| O|  |TS  0|AC  0|TAMS 0x0000000701200000, 0x0000000701200000|
|  19|0x0000000701300000, 0x00000007013ffff0, 0x0000000701400000| 99%| O|  |TS  0|AC  0|TAMS 0x0000000701300000, 0x0000000701300000|
|  20|0x0000000701400000, 0x00000007014fffd0, 0x0000000701500000| 99%| O|  |TS  0|AC  0|TAMS 0x0000000701400000, 0x0000000701400000|
|  21|0x0000000701500000, 0x0000000701600000, 0x0000000701600000|100%| O|  |TS  0|AC  0|TAMS 0x0000000701500000, 0x0000000701500000|
|  22|0x0000000701600000, 0x00000007016fffe8, 0x0000000701700000| 99%| O|  |TS  0|AC  0|TAMS 0x0000000701600000, 0x0000000701600000|
|  23|0x0000000701700000, 0x00000007017ffff0, 0x0000000701800000| 99%| O|  |TS  0|AC  0|TAMS 0x0000000701700000, 0x0000000701700000|
|  24|0x0000000701800000, 0x0000000701900000, 0x0000000701900000|100%| O|  |TS  0|AC  0|TAMS 0x0000000701800000, 0x0000000701800000|
|  25|0x0000000701900000, 0x00000007019fffe0, 0x0000000701a00000| 99%| O|  |TS  0|AC  0|TAMS 0x0000000701900000, 0x0000000701900000|
|  26|0x0000000701a00000, 0x0000000701afffe0, 0x0000000701b00000| 99%| O|  |TS  0|AC  0|TAMS 0x0000000701a00000, 0x0000000701a00000|
|  27|0x0000000701b00000, 0x0000000701bffe78, 0x0000000701c00000| 99%| O|  |TS  0|AC  0|TAMS 0x0000000701b00000, 0x0000000701b00000|
|  28|0x0000000701c00000, 0x0000000701cffff0, 0x0000000701d00000| 99%| O|  |TS  0|AC  0|TAMS 0x0000000701c00000, 0x0000000701c00000|
|  29|0x0000000701d00000, 0x0000000701dfffe8, 0x0000000701e00000| 99%| O|  |TS  0|AC  0|TAMS 0x0000000701d00000, 0x0000000701d00000|
|  30|0x0000000701e00000, 0x0000000701effff8, 0x0000000701f00000| 99%| O|  |TS  0|AC  0|TAMS 0x0000000701e00000, 0x0000000701e00000|
|  31|0x0000000701f00000, 0x0000000701fffff8, 0x0000000702000000| 99%| O|  |TS  0|AC  0|TAMS 0x0000000701f00000, 0x0000000701f00000|
|  32|0x0000000702000000, 0x00000007020f89f8, 0x0000000702100000| 97%| O|  |TS  0|AC  0|TAMS 0x0000000702000000, 0x0000000702000000|
|  33|0x0000000702100000, 0x00000007021ffff8, 0x0000000702200000| 99%| O|  |TS  0|AC  0|TAMS 0x0000000702100000, 0x0000000702100000|
|  34|0x0000000702200000, 0x0000000702300000, 0x0000000702300000|100%| O|  |TS  0|AC  0|TAMS 0x0000000702200000, 0x0000000702200000|
|  35|0x0000000702300000, 0x0000000702400000, 0x0000000702400000|100%| O|  |TS  0|AC  0|TAMS 0x0000000702300000, 0x0000000702300000|
|  36|0x0000000702400000, 0x00000007024ffff8, 0x0000000702500000| 99%| O|  |TS  0|AC  0|TAMS 0x0000000702400000, 0x0000000702400000|
|  37|0x0000000702500000, 0x00000007025fffb0, 0x0000000702600000| 99%| O|  |TS  0|AC  0|TAMS 0x0000000702500000, 0x0000000702500000|
|  38|0x0000000702600000, 0x00000007026ffff0, 0x0000000702700000| 99%| O|  |TS  0|AC  0|TAMS 0x0000000702600000, 0x0000000702600000|
|  39|0x0000000702700000, 0x00000007027fffd8, 0x0000000702800000| 99%| O|  |TS  0|AC  0|TAMS 0x0000000702700000, 0x0000000702700000|
|  40|0x0000000702800000, 0x00000007028ffff8, 0x0000000702900000| 99%| O|  |TS  0|AC  0|TAMS 0x0000000702800000, 0x0000000702800000|
|  41|0x0000000702900000, 0x00000007029fff60, 0x0000000702a00000| 99%| O|  |TS  0|AC  0|TAMS 0x0000000702900000, 0x0000000702900000|
|  42|0x0000000702a00000, 0x0000000702b00000, 0x0000000702b00000|100%| O|  |TS  0|AC  0|TAMS 0x0000000702a00000, 0x0000000702a00000|
|  43|0x0000000702b00000, 0x0000000702c00000, 0x0000000702c00000|100%| O|  |TS  0|AC  0|TAMS 0x0000000702b00000, 0x0000000702b00000|
|  44|0x0000000702c00000, 0x0000000702cffff8, 0x0000000702d00000| 99%| O|  |TS  0|AC  0|TAMS 0x0000000702c00000, 0x0000000702c00000|
|  45|0x0000000702d00000, 0x0000000702dfffd0, 0x0000000702e00000| 99%| O|  |TS  0|AC  0|TAMS 0x0000000702d00000, 0x0000000702d00000|
|  46|0x0000000702e00000, 0x0000000702effff0, 0x0000000702f00000| 99%| O|  |TS  0|AC  0|TAMS 0x0000000702e00000, 0x0000000702e00000|
|  47|0x0000000702f00000, 0x0000000702ffffe8, 0x0000000703000000| 99%| O|  |TS  0|AC  0|TAMS 0x0000000702f00000, 0x0000000702f00000|
|  48|0x0000000703000000, 0x00000007030fffe8, 0x0000000703100000| 99%| O|  |TS  0|AC  0|TAMS 0x0000000703000000, 0x0000000703000000|
|  49|0x0000000703100000, 0x00000007031fffe8, 0x0000000703200000| 99%| O|  |TS  0|AC  0|TAMS 0x0000000703100000, 0x0000000703100000|
|  50|0x0000000703200000, 0x0000000703300000, 0x0000000703300000|100%| O|  |TS  0|AC  0|TAMS 0x0000000703200000, 0x0000000703200000|
|  51|0x0000000703300000, 0x0000000703400000, 0x0000000703400000|100%| O|  |TS  0|AC  0|TAMS 0x0000000703300000, 0x0000000703300000|
|  52|0x0000000703400000, 0x00000007034fffc8, 0x0000000703500000| 99%| O|  |TS  0|AC  0|TAMS 0x0000000703400000, 0x0000000703400000|
|  53|0x0000000703500000, 0x00000007035ffff0, 0x0000000703600000| 99%| O|  |TS  0|AC  0|TAMS 0x0000000703500000, 0x0000000703500000|
|  54|0x0000000703600000, 0x00000007036fffe8, 0x0000000703700000| 99%| O|  |TS  0|AC  0|TAMS 0x0000000703600000, 0x0000000703600000|
|  55|0x0000000703700000, 0x0000000703800000, 0x0000000703800000|100%|HS|  |TS  0|AC  0|TAMS 0x0000000703700000, 0x0000000703700000|
|  56|0x0000000703800000, 0x0000000703900000, 0x0000000703900000|100%|HC|  |TS  0|AC  0|TAMS 0x0000000703800000, 0x0000000703800000|
|  57|0x0000000703900000, 0x0000000703a00000, 0x0000000703a00000|100%|HC|  |TS  0|AC  0|TAMS 0x0000000703900000, 0x0000000703900000|
|  58|0x0000000703a00000, 0x0000000703b00000, 0x0000000703b00000|100%|HC|  |TS  0|AC  0|TAMS 0x0000000703a00000, 0x0000000703a00000|
|  59|0x0000000703b00000, 0x0000000703c00000, 0x0000000703c00000|100%|HC|  |TS  0|AC  0|TAMS 0x0000000703b00000, 0x0000000703b00000|
|  60|0x0000000703c00000, 0x0000000703d00000, 0x0000000703d00000|100%|HC|  |TS  0|AC  0|TAMS 0x0000000703c00000, 0x0000000703c00000|
|  61|0x0000000703d00000, 0x0000000703e00000, 0x0000000703e00000|100%|HC|  |TS  0|AC  0|TAMS 0x0000000703d00000, 0x0000000703d00000|
|  62|0x0000000703e00000, 0x0000000703f00000, 0x0000000703f00000|100%|HC|  |TS  0|AC  0|TAMS 0x0000000703e00000, 0x0000000703e00000|
|  63|0x0000000703f00000, 0x0000000704000000, 0x0000000704000000|100%| O|  |TS  0|AC  0|TAMS 0x0000000703f00000, 0x0000000703f00000|
|  64|0x0000000704000000, 0x00000007040fff78, 0x0000000704100000| 99%| O|  |TS  0|AC  0|TAMS 0x0000000704000000, 0x0000000704000000|
|  65|0x0000000704100000, 0x00000007041fffd0, 0x0000000704200000| 99%| O|  |TS  0|AC  0|TAMS 0x0000000704100000, 0x0000000704100000|
|  66|0x0000000704200000, 0x00000007042fffe8, 0x0000000704300000| 99%| O|  |TS  0|AC  0|TAMS 0x0000000704200000, 0x0000000704200000|
|  67|0x0000000704300000, 0x00000007043c4648, 0x0000000704400000| 76%| O|  |TS  0|AC  0|TAMS 0x0000000704300000, 0x0000000704300000|
|  68|0x0000000704400000, 0x00000007044fffe0, 0x0000000704500000| 99%| O|  |TS  0|AC  0|TAMS 0x0000000704400000, 0x0000000704400000|
|  69|0x0000000704500000, 0x00000007045ffff8, 0x0000000704600000| 99%| O|  |TS  0|AC  0|TAMS 0x0000000704500000, 0x0000000704500000|
|  70|0x0000000704600000, 0x0000000704700000, 0x0000000704700000|100%| O|  |TS  0|AC  0|TAMS 0x0000000704600000, 0x0000000704600000|
|  71|0x0000000704700000, 0x0000000704725008, 0x0000000704800000| 14%| O|  |TS  0|AC  0|TAMS 0x0000000704700000, 0x0000000704700000|
|  72|0x0000000704800000, 0x0000000704900000, 0x0000000704900000|100%|HS|  |TS  0|AC  0|TAMS 0x0000000704800000, 0x0000000704800000|
|  73|0x0000000704900000, 0x0000000704a00000, 0x0000000704a00000|100%|HC|  |TS  0|AC  0|TAMS 0x0000000704900000, 0x0000000704900000|
|  74|0x0000000704a00000, 0x0000000704b00000, 0x0000000704b00000|100%|HC|  |TS  0|AC  0|TAMS 0x0000000704a00000, 0x0000000704a00000|
|  75|0x0000000704b00000, 0x0000000704c00000, 0x0000000704c00000|100%| O|  |TS 23|AC  0|TAMS 0x0000000704b00000, 0x0000000704b00000|
|  76|0x0000000704c00000, 0x0000000704d00000, 0x0000000704d00000|100%| O|  |TS 23|AC  0|TAMS 0x0000000704c00000, 0x0000000704c00000|
|  77|0x0000000704d00000, 0x0000000704e00000, 0x0000000704e00000|100%| O|  |TS 23|AC  0|TAMS 0x0000000704d00000, 0x0000000704d00000|
|  78|0x0000000704e00000, 0x0000000704f00000, 0x0000000704f00000|100%| O|  |TS 51|AC  0|TAMS 0x0000000704e00000, 0x0000000704e00000|
|  79|0x0000000704f00000, 0x0000000705000000, 0x0000000705000000|100%| O|  |TS 63|AC  0|TAMS 0x0000000704f00000, 0x0000000704f00000|
|  80|0x0000000705000000, 0x0000000705030e00, 0x0000000705100000| 19%| O|  |TS 69|AC  0|TAMS 0x0000000705000000, 0x0000000705000000|
|  81|0x0000000705100000, 0x0000000705100000, 0x0000000705200000|  0%| F|  |TS  0|AC  0|TAMS 0x0000000705100000, 0x0000000705100000|
|  82|0x0000000705200000, 0x0000000705200000, 0x0000000705300000|  0%| F|  |TS  0|AC  0|TAMS 0x0000000705200000, 0x0000000705200000|
|  83|0x0000000705300000, 0x0000000705300000, 0x0000000705400000|  0%| F|  |TS  0|AC  0|TAMS 0x0000000705300000, 0x0000000705300000|
|  84|0x0000000705400000, 0x0000000705400000, 0x0000000705500000|  0%| F|  |TS  0|AC  0|TAMS 0x0000000705400000, 0x0000000705400000|
|  85|0x0000000705500000, 0x0000000705500000, 0x0000000705600000|  0%| F|  |TS  0|AC  0|TAMS 0x0000000705500000, 0x0000000705500000|
|  86|0x0000000705600000, 0x0000000705600000, 0x0000000705700000|  0%| F|  |TS  0|AC  0|TAMS 0x0000000705600000, 0x0000000705600000|
|  87|0x0000000705700000, 0x0000000705700000, 0x0000000705800000|  0%| F|  |TS  0|AC  0|TAMS 0x0000000705700000, 0x0000000705700000|
|  88|0x0000000705800000, 0x0000000705800000, 0x0000000705900000|  0%| F|  |TS  0|AC  0|TAMS 0x0000000705800000, 0x0000000705800000|
|  89|0x0000000705900000, 0x0000000705900000, 0x0000000705a00000|  0%| F|  |TS  0|AC  0|TAMS 0x0000000705900000, 0x0000000705900000|
|  90|0x0000000705a00000, 0x0000000705a00000, 0x0000000705b00000|  0%| F|  |TS  0|AC  0|TAMS 0x0000000705a00000, 0x0000000705a00000|
|  91|0x0000000705b00000, 0x0000000705b00000, 0x0000000705c00000|  0%| F|  |TS  0|AC  0|TAMS 0x0000000705b00000, 0x0000000705b00000|
|  92|0x0000000705c00000, 0x0000000705c00000, 0x0000000705d00000|  0%| F|  |TS  0|AC  0|TAMS 0x0000000705c00000, 0x0000000705c00000|
|  93|0x0000000705d00000, 0x0000000705d00000, 0x0000000705e00000|  0%| F|  |TS  0|AC  0|TAMS 0x0000000705d00000, 0x0000000705d00000|
|  94|0x0000000705e00000, 0x0000000705e00000, 0x0000000705f00000|  0%| F|  |TS  0|AC  0|TAMS 0x0000000705e00000, 0x0000000705e00000|
|  95|0x0000000705f00000, 0x0000000705f00000, 0x0000000706000000|  0%| F|  |TS  0|AC  0|TAMS 0x0000000705f00000, 0x0000000705f00000|
|  96|0x0000000706000000, 0x0000000706000000, 0x0000000706100000|  0%| F|  |TS  0|AC  0|TAMS 0x0000000706000000, 0x0000000706000000|
|  97|0x0000000706100000, 0x0000000706100000, 0x0000000706200000|  0%| F|  |TS  0|AC  0|TAMS 0x0000000706100000, 0x0000000706100000|
|  98|0x0000000706200000, 0x0000000706200000, 0x0000000706300000|  0%| F|  |TS  0|AC  0|TAMS 0x0000000706200000, 0x0000000706200000|
|  99|0x0000000706300000, 0x0000000706300000, 0x0000000706400000|  0%| F|  |TS  0|AC  0|TAMS 0x0000000706300000, 0x0000000706300000|
| 100|0x0000000706400000, 0x0000000706400000, 0x0000000706500000|  0%| F|  |TS  0|AC  0|TAMS 0x0000000706400000, 0x0000000706400000|
| 101|0x0000000706500000, 0x0000000706500000, 0x0000000706600000|  0%| F|  |TS  0|AC  0|TAMS 0x0000000706500000, 0x0000000706500000|
| 102|0x0000000706600000, 0x0000000706600000, 0x0000000706700000|  0%| F|  |TS  0|AC  0|TAMS 0x0000000706600000, 0x0000000706600000|
| 103|0x0000000706700000, 0x0000000706700000, 0x0000000706800000|  0%| F|  |TS  0|AC  0|TAMS 0x0000000706700000, 0x0000000706700000|
| 104|0x0000000706800000, 0x0000000706800000, 0x0000000706900000|  0%| F|  |TS  0|AC  0|TAMS 0x0000000706800000, 0x0000000706800000|
| 105|0x0000000706900000, 0x0000000706900000, 0x0000000706a00000|  0%| F|  |TS  0|AC  0|TAMS 0x0000000706900000, 0x0000000706900000|
| 106|0x0000000706a00000, 0x0000000706a00000, 0x0000000706b00000|  0%| F|  |TS  0|AC  0|TAMS 0x0000000706a00000, 0x0000000706a00000|
| 107|0x0000000706b00000, 0x0000000706b00000, 0x0000000706c00000|  0%| F|  |TS  0|AC  0|TAMS 0x0000000706b00000, 0x0000000706b00000|
| 108|0x0000000706c00000, 0x0000000706c00000, 0x0000000706d00000|  0%| F|  |TS  0|AC  0|TAMS 0x0000000706c00000, 0x0000000706c00000|
| 109|0x0000000706d00000, 0x0000000706d00000, 0x0000000706e00000|  0%| F|  |TS  0|AC  0|TAMS 0x0000000706d00000, 0x0000000706d00000|
| 110|0x0000000706e00000, 0x0000000706e00000, 0x0000000706f00000|  0%| F|  |TS  0|AC  0|TAMS 0x0000000706e00000, 0x0000000706e00000|
| 111|0x0000000706f00000, 0x0000000706f00000, 0x0000000707000000|  0%| F|  |TS  0|AC  0|TAMS 0x0000000706f00000, 0x0000000706f00000|
| 112|0x0000000707000000, 0x0000000707000000, 0x0000000707100000|  0%| F|  |TS  0|AC  0|TAMS 0x0000000707000000, 0x0000000707000000|
| 113|0x0000000707100000, 0x0000000707100000, 0x0000000707200000|  0%| F|  |TS  0|AC  0|TAMS 0x0000000707100000, 0x0000000707100000|
| 114|0x0000000707200000, 0x0000000707200000, 0x0000000707300000|  0%| F|  |TS  0|AC  0|TAMS 0x0000000707200000, 0x0000000707200000|
| 115|0x0000000707300000, 0x0000000707300000, 0x0000000707400000|  0%| F|  |TS  0|AC  0|TAMS 0x0000000707300000, 0x0000000707300000|
| 116|0x0000000707400000, 0x0000000707400000, 0x0000000707500000|  0%| F|  |TS  0|AC  0|TAMS 0x0000000707400000, 0x0000000707400000|
| 117|0x0000000707500000, 0x0000000707500000, 0x0000000707600000|  0%| F|  |TS  0|AC  0|TAMS 0x0000000707500000, 0x0000000707500000|
| 118|0x0000000707600000, 0x0000000707600000, 0x0000000707700000|  0%| F|  |TS  0|AC  0|TAMS 0x0000000707600000, 0x0000000707600000|
| 119|0x0000000707700000, 0x0000000707700000, 0x0000000707800000|  0%| F|  |TS  0|AC  0|TAMS 0x0000000707700000, 0x0000000707700000|
| 120|0x0000000707800000, 0x0000000707800000, 0x0000000707900000|  0%| F|  |TS  0|AC  0|TAMS 0x0000000707800000, 0x0000000707800000|
| 121|0x0000000707900000, 0x0000000707900000, 0x0000000707a00000|  0%| F|  |TS  0|AC  0|TAMS 0x0000000707900000, 0x0000000707900000|
| 122|0x0000000707a00000, 0x0000000707a00000, 0x0000000707b00000|  0%| F|  |TS  0|AC  0|TAMS 0x0000000707a00000, 0x0000000707a00000|
| 123|0x0000000707b00000, 0x0000000707b00000, 0x0000000707c00000|  0%| F|  |TS  0|AC  0|TAMS 0x0000000707b00000, 0x0000000707b00000|
| 124|0x0000000707c00000, 0x0000000707c00000, 0x0000000707d00000|  0%| F|  |TS  0|AC  0|TAMS 0x0000000707c00000, 0x0000000707c00000|
| 125|0x0000000707d00000, 0x0000000707d00000, 0x0000000707e00000|  0%| F|  |TS  0|AC  0|TAMS 0x0000000707d00000, 0x0000000707d00000|
| 126|0x0000000707e00000, 0x0000000707e00000, 0x0000000707f00000|  0%| F|  |TS  0|AC  0|TAMS 0x0000000707e00000, 0x0000000707e00000|
| 127|0x0000000707f00000, 0x0000000707f00000, 0x0000000708000000|  0%| F|  |TS  0|AC  0|TAMS 0x0000000707f00000, 0x0000000707f00000|
| 128|0x0000000708000000, 0x0000000708000000, 0x0000000708100000|  0%| F|  |TS  0|AC  0|TAMS 0x0000000708000000, 0x0000000708000000|
| 129|0x0000000708100000, 0x0000000708100000, 0x0000000708200000|  0%| F|  |TS  0|AC  0|TAMS 0x0000000708100000, 0x0000000708100000|
| 130|0x0000000708200000, 0x0000000708200000, 0x0000000708300000|  0%| F|  |TS  0|AC  0|TAMS 0x0000000708200000, 0x0000000708200000|
| 131|0x0000000708300000, 0x0000000708300000, 0x0000000708400000|  0%| F|  |TS  0|AC  0|TAMS 0x0000000708300000, 0x0000000708300000|
| 132|0x0000000708400000, 0x0000000708400000, 0x0000000708500000|  0%| F|  |TS  0|AC  0|TAMS 0x0000000708400000, 0x0000000708400000|
| 133|0x0000000708500000, 0x0000000708500000, 0x0000000708600000|  0%| F|  |TS  0|AC  0|TAMS 0x0000000708500000, 0x0000000708500000|
| 134|0x0000000708600000, 0x0000000708600000, 0x0000000708700000|  0%| F|  |TS  0|AC  0|TAMS 0x0000000708600000, 0x0000000708600000|
| 135|0x0000000708700000, 0x0000000708700000, 0x0000000708800000|  0%| F|  |TS  0|AC  0|TAMS 0x0000000708700000, 0x0000000708700000|
| 136|0x0000000708800000, 0x0000000708800000, 0x0000000708900000|  0%| F|  |TS  0|AC  0|TAMS 0x0000000708800000, 0x0000000708800000|
| 137|0x0000000708900000, 0x0000000708900000, 0x0000000708a00000|  0%| F|  |TS  0|AC  0|TAMS 0x0000000708900000, 0x0000000708900000|
| 138|0x0000000708a00000, 0x0000000708a00000, 0x0000000708b00000|  0%| F|  |TS  0|AC  0|TAMS 0x0000000708a00000, 0x0000000708a00000|
| 139|0x0000000708b00000, 0x0000000708b00000, 0x0000000708c00000|  0%| F|  |TS  0|AC  0|TAMS 0x0000000708b00000, 0x0000000708b00000|
| 140|0x0000000708c00000, 0x0000000708c00000, 0x0000000708d00000|  0%| F|  |TS  0|AC  0|TAMS 0x0000000708c00000, 0x0000000708c00000|
| 141|0x0000000708d00000, 0x0000000708d00000, 0x0000000708e00000|  0%| F|  |TS  0|AC  0|TAMS 0x0000000708d00000, 0x0000000708d00000|
| 142|0x0000000708e00000, 0x0000000708e00000, 0x0000000708f00000|  0%| F|  |TS  0|AC  0|TAMS 0x0000000708e00000, 0x0000000708e00000|
| 143|0x0000000708f00000, 0x0000000708f00000, 0x0000000709000000|  0%| F|  |TS  0|AC  0|TAMS 0x0000000708f00000, 0x0000000708f00000|
| 144|0x0000000709000000, 0x0000000709000000, 0x0000000709100000|  0%| F|  |TS  0|AC  0|TAMS 0x0000000709000000, 0x0000000709000000|
| 145|0x0000000709100000, 0x0000000709100000, 0x0000000709200000|  0%| F|  |TS  0|AC  0|TAMS 0x0000000709100000, 0x0000000709100000|
| 146|0x0000000709200000, 0x0000000709200000, 0x0000000709300000|  0%| F|  |TS  0|AC  0|TAMS 0x0000000709200000, 0x0000000709200000|
| 147|0x0000000709300000, 0x0000000709300000, 0x0000000709400000|  0%| F|  |TS  0|AC  0|TAMS 0x0000000709300000, 0x0000000709300000|
| 148|0x0000000709400000, 0x0000000709400000, 0x0000000709500000|  0%| F|  |TS  0|AC  0|TAMS 0x0000000709400000, 0x0000000709400000|
| 149|0x0000000709500000, 0x0000000709500000, 0x0000000709600000|  0%| F|  |TS  0|AC  0|TAMS 0x0000000709500000, 0x0000000709500000|
| 150|0x0000000709600000, 0x0000000709600000, 0x0000000709700000|  0%| F|  |TS  0|AC  0|TAMS 0x0000000709600000, 0x0000000709600000|
| 151|0x0000000709700000, 0x0000000709700000, 0x0000000709800000|  0%| F|  |TS  0|AC  0|TAMS 0x0000000709700000, 0x0000000709700000|
| 152|0x0000000709800000, 0x0000000709800000, 0x0000000709900000|  0%| F|  |TS  0|AC  0|TAMS 0x0000000709800000, 0x0000000709800000|
| 153|0x0000000709900000, 0x0000000709900000, 0x0000000709a00000|  0%| F|  |TS  0|AC  0|TAMS 0x0000000709900000, 0x0000000709900000|
| 154|0x0000000709a00000, 0x0000000709a00000, 0x0000000709b00000|  0%| F|  |TS  0|AC  0|TAMS 0x0000000709a00000, 0x0000000709a00000|
| 155|0x0000000709b00000, 0x0000000709b00000, 0x0000000709c00000|  0%| F|  |TS  0|AC  0|TAMS 0x0000000709b00000, 0x0000000709b00000|
| 156|0x0000000709c00000, 0x0000000709c00000, 0x0000000709d00000|  0%| F|  |TS  0|AC  0|TAMS 0x0000000709c00000, 0x0000000709c00000|
| 157|0x0000000709d00000, 0x0000000709d00000, 0x0000000709e00000|  0%| F|  |TS  0|AC  0|TAMS 0x0000000709d00000, 0x0000000709d00000|
| 158|0x0000000709e00000, 0x0000000709e00000, 0x0000000709f00000|  0%| F|  |TS  0|AC  0|TAMS 0x0000000709e00000, 0x0000000709e00000|
| 159|0x0000000709f00000, 0x0000000709f00000, 0x000000070a000000|  0%| F|  |TS  0|AC  0|TAMS 0x0000000709f00000, 0x0000000709f00000|
| 160|0x000000070a000000, 0x000000070a000000, 0x000000070a100000|  0%| F|  |TS  0|AC  0|TAMS 0x000000070a000000, 0x000000070a000000|
| 161|0x000000070a100000, 0x000000070a100000, 0x000000070a200000|  0%| F|  |TS  0|AC  0|TAMS 0x000000070a100000, 0x000000070a100000|
| 162|0x000000070a200000, 0x000000070a200000, 0x000000070a300000|  0%| F|  |TS  0|AC  0|TAMS 0x000000070a200000, 0x000000070a200000|
| 163|0x000000070a300000, 0x000000070a300000, 0x000000070a400000|  0%| F|  |TS  0|AC  0|TAMS 0x000000070a300000, 0x000000070a300000|
| 164|0x000000070a400000, 0x000000070a400000, 0x000000070a500000|  0%| F|  |TS  0|AC  0|TAMS 0x000000070a400000, 0x000000070a400000|
| 165|0x000000070a500000, 0x000000070a500000, 0x000000070a600000|  0%| F|  |TS  0|AC  0|TAMS 0x000000070a500000, 0x000000070a500000|
| 166|0x000000070a600000, 0x000000070a600000, 0x000000070a700000|  0%| F|  |TS  0|AC  0|TAMS 0x000000070a600000, 0x000000070a600000|
| 167|0x000000070a700000, 0x000000070a700000, 0x000000070a800000|  0%| F|  |TS  0|AC  0|TAMS 0x000000070a700000, 0x000000070a700000|
| 168|0x000000070a800000, 0x000000070a800000, 0x000000070a900000|  0%| F|  |TS  0|AC  0|TAMS 0x000000070a800000, 0x000000070a800000|
| 169|0x000000070a900000, 0x000000070a900000, 0x000000070aa00000|  0%| F|  |TS  0|AC  0|TAMS 0x000000070a900000, 0x000000070a900000|
| 170|0x000000070aa00000, 0x000000070aa00000, 0x000000070ab00000|  0%| F|  |TS  0|AC  0|TAMS 0x000000070aa00000, 0x000000070aa00000|
| 171|0x000000070ab00000, 0x000000070ab00000, 0x000000070ac00000|  0%| F|  |TS  0|AC  0|TAMS 0x000000070ab00000, 0x000000070ab00000|
| 172|0x000000070ac00000, 0x000000070ac00000, 0x000000070ad00000|  0%| F|  |TS  0|AC  0|TAMS 0x000000070ac00000, 0x000000070ac00000|
| 173|0x000000070ad00000, 0x000000070ad00000, 0x000000070ae00000|  0%| F|  |TS  0|AC  0|TAMS 0x000000070ad00000, 0x000000070ad00000|
| 174|0x000000070ae00000, 0x000000070ae00000, 0x000000070af00000|  0%| F|  |TS  0|AC  0|TAMS 0x000000070ae00000, 0x000000070ae00000|
| 175|0x000000070af00000, 0x000000070af00000, 0x000000070b000000|  0%| F|  |TS  0|AC  0|TAMS 0x000000070af00000, 0x000000070af00000|
| 176|0x000000070b000000, 0x000000070b000000, 0x000000070b100000|  0%| F|  |TS  0|AC  0|TAMS 0x000000070b000000, 0x000000070b000000|
| 177|0x000000070b100000, 0x000000070b100000, 0x000000070b200000|  0%| F|  |TS  0|AC  0|TAMS 0x000000070b100000, 0x000000070b100000|
| 178|0x000000070b200000, 0x000000070b200000, 0x000000070b300000|  0%| F|  |TS  0|AC  0|TAMS 0x000000070b200000, 0x000000070b200000|
| 179|0x000000070b300000, 0x000000070b300000, 0x000000070b400000|  0%| F|  |TS  0|AC  0|TAMS 0x000000070b300000, 0x000000070b300000|
| 180|0x000000070b400000, 0x000000070b400000, 0x000000070b500000|  0%| F|  |TS  0|AC  0|TAMS 0x000000070b400000, 0x000000070b400000|
| 181|0x000000070b500000, 0x000000070b500000, 0x000000070b600000|  0%| F|  |TS  0|AC  0|TAMS 0x000000070b500000, 0x000000070b500000|
| 182|0x000000070b600000, 0x000000070b600000, 0x000000070b700000|  0%| F|  |TS  0|AC  0|TAMS 0x000000070b600000, 0x000000070b600000|
| 183|0x000000070b700000, 0x000000070b700000, 0x000000070b800000|  0%| F|  |TS  0|AC  0|TAMS 0x000000070b700000, 0x000000070b700000|
| 184|0x000000070b800000, 0x000000070b800000, 0x000000070b900000|  0%| F|  |TS 15|AC  0|TAMS 0x000000070b800000, 0x000000070b800000|
| 185|0x000000070b900000, 0x000000070b900000, 0x000000070ba00000|  0%| F|  |TS 17|AC  0|TAMS 0x000000070b900000, 0x000000070b900000|
| 186|0x000000070ba00000, 0x000000070ba00000, 0x000000070bb00000|  0%| F|  |TS 15|AC  0|TAMS 0x000000070ba00000, 0x000000070ba00000|
| 187|0x000000070bb00000, 0x000000070bb00000, 0x000000070bc00000|  0%| F|  |TS 15|AC  0|TAMS 0x000000070bb00000, 0x000000070bb00000|
| 188|0x000000070bc00000, 0x000000070bc00000, 0x000000070bd00000|  0%| F|  |TS 15|AC  0|TAMS 0x000000070bc00000, 0x000000070bc00000|
| 189|0x000000070bd00000, 0x000000070bd00000, 0x000000070be00000|  0%| F|  |TS 15|AC  0|TAMS 0x000000070bd00000, 0x000000070bd00000|
| 190|0x000000070be00000, 0x000000070be00000, 0x000000070bf00000|  0%| F|  |TS 15|AC  0|TAMS 0x000000070be00000, 0x000000070be00000|
| 191|0x000000070bf00000, 0x000000070bf00000, 0x000000070c000000|  0%| F|  |TS 15|AC  0|TAMS 0x000000070bf00000, 0x000000070bf00000|
| 192|0x000000070c000000, 0x000000070c000000, 0x000000070c100000|  0%| F|  |TS 15|AC  0|TAMS 0x000000070c000000, 0x000000070c000000|
| 193|0x000000070c100000, 0x000000070c100000, 0x000000070c200000|  0%| F|  |TS 15|AC  0|TAMS 0x000000070c100000, 0x000000070c100000|
| 194|0x000000070c200000, 0x000000070c200000, 0x000000070c300000|  0%| F|  |TS 15|AC  0|TAMS 0x000000070c200000, 0x000000070c200000|
| 195|0x000000070c300000, 0x000000070c300000, 0x000000070c400000|  0%| F|  |TS 15|AC  0|TAMS 0x000000070c300000, 0x000000070c300000|
| 196|0x000000070c400000, 0x000000070c400000, 0x000000070c500000|  0%| F|  |TS 15|AC  0|TAMS 0x000000070c400000, 0x000000070c400000|
| 197|0x000000070c500000, 0x000000070c500000, 0x000000070c600000|  0%| F|  |TS 15|AC  0|TAMS 0x000000070c500000, 0x000000070c500000|
| 198|0x000000070c600000, 0x000000070c600000, 0x000000070c700000|  0%| F|  |TS 15|AC  0|TAMS 0x000000070c600000, 0x000000070c600000|
| 199|0x000000070c700000, 0x000000070c700000, 0x000000070c800000|  0%| F|  |TS 15|AC  0|TAMS 0x000000070c700000, 0x000000070c700000|
| 200|0x000000070c800000, 0x000000070c800000, 0x000000070c900000|  0%| F|  |TS 15|AC  0|TAMS 0x000000070c800000, 0x000000070c800000|
| 201|0x000000070c900000, 0x000000070c900000, 0x000000070ca00000|  0%| F|  |TS 15|AC  0|TAMS 0x000000070c900000, 0x000000070c900000|
| 202|0x000000070ca00000, 0x000000070ca00000, 0x000000070cb00000|  0%| F|  |TS 15|AC  0|TAMS 0x000000070ca00000, 0x000000070ca00000|
| 203|0x000000070cb00000, 0x000000070cb00000, 0x000000070cc00000|  0%| F|  |TS 15|AC  0|TAMS 0x000000070cb00000, 0x000000070cb00000|
| 204|0x000000070cc00000, 0x000000070cc00000, 0x000000070cd00000|  0%| F|  |TS 15|AC  0|TAMS 0x000000070cc00000, 0x000000070cc00000|
| 205|0x000000070cd00000, 0x000000070cd00000, 0x000000070ce00000|  0%| F|  |TS 15|AC  0|TAMS 0x000000070cd00000, 0x000000070cd00000|
| 206|0x000000070ce00000, 0x000000070ce00000, 0x000000070cf00000|  0%| F|  |TS 15|AC  0|TAMS 0x000000070ce00000, 0x000000070ce00000|
| 207|0x000000070cf00000, 0x000000070cf00000, 0x000000070d000000|  0%| F|  |TS 15|AC  0|TAMS 0x000000070cf00000, 0x000000070cf00000|
| 208|0x000000070d000000, 0x000000070d000000, 0x000000070d100000|  0%| F|  |TS 15|AC  0|TAMS 0x000000070d000000, 0x000000070d000000|
| 209|0x000000070d100000, 0x000000070d100000, 0x000000070d200000|  0%| F|  |TS 15|AC  0|TAMS 0x000000070d100000, 0x000000070d100000|
| 210|0x000000070d200000, 0x000000070d200000, 0x000000070d300000|  0%| F|  |TS 15|AC  0|TAMS 0x000000070d200000, 0x000000070d200000|
| 211|0x000000070d300000, 0x000000070d300000, 0x000000070d400000|  0%| F|  |TS 15|AC  0|TAMS 0x000000070d300000, 0x000000070d300000|
| 212|0x000000070d400000, 0x000000070d400000, 0x000000070d500000|  0%| F|  |TS 15|AC  0|TAMS 0x000000070d400000, 0x000000070d400000|
| 213|0x000000070d500000, 0x000000070d500000, 0x000000070d600000|  0%| F|  |TS 15|AC  0|TAMS 0x000000070d500000, 0x000000070d500000|
| 214|0x000000070d600000, 0x000000070d600000, 0x000000070d700000|  0%| F|  |TS 15|AC  0|TAMS 0x000000070d600000, 0x000000070d600000|
| 215|0x000000070d700000, 0x000000070d700000, 0x000000070d800000|  0%| F|  |TS 15|AC  0|TAMS 0x000000070d700000, 0x000000070d700000|
| 216|0x000000070d800000, 0x000000070d800000, 0x000000070d900000|  0%| F|  |TS 15|AC  0|TAMS 0x000000070d800000, 0x000000070d800000|
| 217|0x000000070d900000, 0x000000070d900000, 0x000000070da00000|  0%| F|  |TS 15|AC  0|TAMS 0x000000070d900000, 0x000000070d900000|
| 218|0x000000070da00000, 0x000000070da00000, 0x000000070db00000|  0%| F|  |TS 15|AC  0|TAMS 0x000000070da00000, 0x000000070da00000|
| 219|0x000000070db00000, 0x000000070db00000, 0x000000070dc00000|  0%| F|  |TS 15|AC  0|TAMS 0x000000070db00000, 0x000000070db00000|
| 220|0x000000070dc00000, 0x000000070dc00000, 0x000000070dd00000|  0%| F|  |TS 15|AC  0|TAMS 0x000000070dc00000, 0x000000070dc00000|
| 221|0x000000070dd00000, 0x000000070dd00000, 0x000000070de00000|  0%| F|  |TS 15|AC  0|TAMS 0x000000070dd00000, 0x000000070dd00000|
| 222|0x000000070de00000, 0x000000070de00000, 0x000000070df00000|  0%| F|  |TS 15|AC  0|TAMS 0x000000070de00000, 0x000000070de00000|
| 223|0x000000070df00000, 0x000000070df00000, 0x000000070e000000|  0%| F|  |TS 15|AC  0|TAMS 0x000000070df00000, 0x000000070df00000|
| 224|0x000000070e000000, 0x000000070e000000, 0x000000070e100000|  0%| F|  |TS 15|AC  0|TAMS 0x000000070e000000, 0x000000070e000000|
| 225|0x000000070e100000, 0x000000070e100000, 0x000000070e200000|  0%| F|  |TS 15|AC  0|TAMS 0x000000070e100000, 0x000000070e100000|
| 226|0x000000070e200000, 0x000000070e200000, 0x000000070e300000|  0%| F|  |TS 15|AC  0|TAMS 0x000000070e200000, 0x000000070e200000|
| 227|0x000000070e300000, 0x000000070e300000, 0x000000070e400000|  0%| F|  |TS 15|AC  0|TAMS 0x000000070e300000, 0x000000070e300000|
| 228|0x000000070e400000, 0x000000070e400000, 0x000000070e500000|  0%| F|  |TS 15|AC  0|TAMS 0x000000070e400000, 0x000000070e400000|
| 229|0x000000070e500000, 0x000000070e500000, 0x000000070e600000|  0%| F|  |TS 15|AC  0|TAMS 0x000000070e500000, 0x000000070e500000|
| 230|0x000000070e600000, 0x000000070e600000, 0x000000070e700000|  0%| F|  |TS 15|AC  0|TAMS 0x000000070e600000, 0x000000070e600000|
| 231|0x000000070e700000, 0x000000070e700000, 0x000000070e800000|  0%| F|  |TS 15|AC  0|TAMS 0x000000070e700000, 0x000000070e700000|
| 232|0x000000070e800000, 0x000000070e800000, 0x000000070e900000|  0%| F|  |TS 15|AC  0|TAMS 0x000000070e800000, 0x000000070e800000|
| 233|0x000000070e900000, 0x000000070e900000, 0x000000070ea00000|  0%| F|  |TS 15|AC  0|TAMS 0x000000070e900000, 0x000000070e900000|
| 234|0x000000070ea00000, 0x000000070ea00000, 0x000000070eb00000|  0%| F|  |TS 15|AC  0|TAMS 0x000000070ea00000, 0x000000070ea00000|
| 235|0x000000070eb00000, 0x000000070eb00000, 0x000000070ec00000|  0%| F|  |TS 15|AC  0|TAMS 0x000000070eb00000, 0x000000070eb00000|
| 236|0x000000070ec00000, 0x000000070ec00000, 0x000000070ed00000|  0%| F|  |TS 15|AC  0|TAMS 0x000000070ec00000, 0x000000070ec00000|
| 237|0x000000070ed00000, 0x000000070ed00000, 0x000000070ee00000|  0%| F|  |TS 15|AC  0|TAMS 0x000000070ed00000, 0x000000070ed00000|
| 238|0x000000070ee00000, 0x000000070ee00000, 0x000000070ef00000|  0%| F|  |TS 15|AC  0|TAMS 0x000000070ee00000, 0x000000070ee00000|
| 239|0x000000070ef00000, 0x000000070ef00000, 0x000000070f000000|  0%| F|  |TS 15|AC  0|TAMS 0x000000070ef00000, 0x000000070ef00000|
| 240|0x000000070f000000, 0x000000070f000000, 0x000000070f100000|  0%| F|  |TS 15|AC  0|TAMS 0x000000070f000000, 0x000000070f000000|
| 241|0x000000070f100000, 0x000000070f100000, 0x000000070f200000|  0%| F|  |TS 15|AC  0|TAMS 0x000000070f100000, 0x000000070f100000|
| 242|0x000000070f200000, 0x000000070f200000, 0x000000070f300000|  0%| F|  |TS 15|AC  0|TAMS 0x000000070f200000, 0x000000070f200000|
| 243|0x000000070f300000, 0x000000070f300000, 0x000000070f400000|  0%| F|  |TS 15|AC  0|TAMS 0x000000070f300000, 0x000000070f300000|
| 244|0x000000070f400000, 0x000000070f400000, 0x000000070f500000|  0%| F|  |TS 15|AC  0|TAMS 0x000000070f400000, 0x000000070f400000|
| 245|0x000000070f500000, 0x000000070f500000, 0x000000070f600000|  0%| F|  |TS 15|AC  0|TAMS 0x000000070f500000, 0x000000070f500000|
| 246|0x000000070f600000, 0x000000070f600000, 0x000000070f700000|  0%| F|  |TS 15|AC  0|TAMS 0x000000070f600000, 0x000000070f600000|
| 247|0x000000070f700000, 0x000000070f700000, 0x000000070f800000|  0%| F|  |TS 15|AC  0|TAMS 0x000000070f700000, 0x000000070f700000|
| 248|0x000000070f800000, 0x000000070f800000, 0x000000070f900000|  0%| F|  |TS 15|AC  0|TAMS 0x000000070f800000, 0x000000070f800000|
| 249|0x000000070f900000, 0x000000070f900000, 0x000000070fa00000|  0%| F|  |TS 15|AC  0|TAMS 0x000000070f900000, 0x000000070f900000|
| 250|0x000000070fa00000, 0x000000070fa00000, 0x000000070fb00000|  0%| F|  |TS 15|AC  0|TAMS 0x000000070fa00000, 0x000000070fa00000|
| 251|0x000000070fb00000, 0x000000070fb00000, 0x000000070fc00000|  0%| F|  |TS 15|AC  0|TAMS 0x000000070fb00000, 0x000000070fb00000|
| 252|0x000000070fc00000, 0x000000070fc00000, 0x000000070fd00000|  0%| F|  |TS 15|AC  0|TAMS 0x000000070fc00000, 0x000000070fc00000|
| 253|0x000000070fd00000, 0x000000070fd00000, 0x000000070fe00000|  0%| F|  |TS 15|AC  0|TAMS 0x000000070fd00000, 0x000000070fd00000|
| 254|0x000000070fe00000, 0x000000070fe00000, 0x000000070ff00000|  0%| F|  |TS 15|AC  0|TAMS 0x000000070fe00000, 0x000000070fe00000|
| 255|0x000000070ff00000, 0x000000070ff00000, 0x0000000710000000|  0%| F|  |TS 15|AC  0|TAMS 0x000000070ff00000, 0x000000070ff00000|
| 256|0x0000000710000000, 0x0000000710000000, 0x0000000710100000|  0%| F|  |TS 15|AC  0|TAMS 0x0000000710000000, 0x0000000710000000|
| 257|0x0000000710100000, 0x0000000710100000, 0x0000000710200000|  0%| F|  |TS 15|AC  0|TAMS 0x0000000710100000, 0x0000000710100000|
| 258|0x0000000710200000, 0x0000000710200000, 0x0000000710300000|  0%| F|  |TS 15|AC  0|TAMS 0x0000000710200000, 0x0000000710200000|
| 259|0x0000000710300000, 0x0000000710300000, 0x0000000710400000|  0%| F|  |TS 15|AC  0|TAMS 0x0000000710300000, 0x0000000710300000|
| 260|0x0000000710400000, 0x0000000710400000, 0x0000000710500000|  0%| F|  |TS 15|AC  0|TAMS 0x0000000710400000, 0x0000000710400000|
| 261|0x0000000710500000, 0x0000000710500000, 0x0000000710600000|  0%| F|  |TS 15|AC  0|TAMS 0x0000000710500000, 0x0000000710500000|
| 262|0x0000000710600000, 0x0000000710600000, 0x0000000710700000|  0%| F|  |TS 15|AC  0|TAMS 0x0000000710600000, 0x0000000710600000|
| 263|0x0000000710700000, 0x0000000710700000, 0x0000000710800000|  0%| F|  |TS 15|AC  0|TAMS 0x0000000710700000, 0x0000000710700000|
| 264|0x0000000710800000, 0x0000000710800000, 0x0000000710900000|  0%| F|  |TS 15|AC  0|TAMS 0x0000000710800000, 0x0000000710800000|
| 265|0x0000000710900000, 0x0000000710900000, 0x0000000710a00000|  0%| F|  |TS 15|AC  0|TAMS 0x0000000710900000, 0x0000000710900000|
| 266|0x0000000710a00000, 0x0000000710a00000, 0x0000000710b00000|  0%| F|  |TS 15|AC  0|TAMS 0x0000000710a00000, 0x0000000710a00000|
| 267|0x0000000710b00000, 0x0000000710b00000, 0x0000000710c00000|  0%| F|  |TS 15|AC  0|TAMS 0x0000000710b00000, 0x0000000710b00000|
| 268|0x0000000710c00000, 0x0000000710c00000, 0x0000000710d00000|  0%| F|  |TS 15|AC  0|TAMS 0x0000000710c00000, 0x0000000710c00000|
| 269|0x0000000710d00000, 0x0000000710d00000, 0x0000000710e00000|  0%| F|  |TS 15|AC  0|TAMS 0x0000000710d00000, 0x0000000710d00000|
| 270|0x0000000710e00000, 0x0000000710e00000, 0x0000000710f00000|  0%| F|  |TS 15|AC  0|TAMS 0x0000000710e00000, 0x0000000710e00000|
| 271|0x0000000710f00000, 0x0000000710f00000, 0x0000000711000000|  0%| F|  |TS 15|AC  0|TAMS 0x0000000710f00000, 0x0000000710f00000|
| 272|0x0000000711000000, 0x0000000711000000, 0x0000000711100000|  0%| F|  |TS 15|AC  0|TAMS 0x0000000711000000, 0x0000000711000000|
| 273|0x0000000711100000, 0x0000000711100000, 0x0000000711200000|  0%| F|  |TS 15|AC  0|TAMS 0x0000000711100000, 0x0000000711100000|
| 274|0x0000000711200000, 0x0000000711200000, 0x0000000711300000|  0%| F|  |TS 15|AC  0|TAMS 0x0000000711200000, 0x0000000711200000|
| 275|0x0000000711300000, 0x0000000711300000, 0x0000000711400000|  0%| F|  |TS 15|AC  0|TAMS 0x0000000711300000, 0x0000000711300000|
| 276|0x0000000711400000, 0x0000000711400000, 0x0000000711500000|  0%| F|  |TS 15|AC  0|TAMS 0x0000000711400000, 0x0000000711400000|
| 277|0x0000000711500000, 0x0000000711500000, 0x0000000711600000|  0%| F|  |TS 15|AC  0|TAMS 0x0000000711500000, 0x0000000711500000|
| 278|0x0000000711600000, 0x0000000711600000, 0x0000000711700000|  0%| F|  |TS 15|AC  0|TAMS 0x0000000711600000, 0x0000000711600000|
| 279|0x0000000711700000, 0x0000000711700000, 0x0000000711800000|  0%| F|  |TS 15|AC  0|TAMS 0x0000000711700000, 0x0000000711700000|
| 280|0x0000000711800000, 0x0000000711800000, 0x0000000711900000|  0%| F|  |TS 15|AC  0|TAMS 0x0000000711800000, 0x0000000711800000|
| 281|0x0000000711900000, 0x0000000711900000, 0x0000000711a00000|  0%| F|  |TS 15|AC  0|TAMS 0x0000000711900000, 0x0000000711900000|
| 282|0x0000000711a00000, 0x0000000711a00000, 0x0000000711b00000|  0%| F|  |TS 15|AC  0|TAMS 0x0000000711a00000, 0x0000000711a00000|
| 283|0x0000000711b00000, 0x0000000711b00000, 0x0000000711c00000|  0%| F|  |TS 15|AC  0|TAMS 0x0000000711b00000, 0x0000000711b00000|
| 284|0x0000000711c00000, 0x0000000711c00000, 0x0000000711d00000|  0%| F|  |TS 15|AC  0|TAMS 0x0000000711c00000, 0x0000000711c00000|
| 285|0x0000000711d00000, 0x0000000711d00000, 0x0000000711e00000|  0%| F|  |TS 15|AC  0|TAMS 0x0000000711d00000, 0x0000000711d00000|
| 286|0x0000000711e00000, 0x0000000711e00000, 0x0000000711f00000|  0%| F|  |TS 15|AC  0|TAMS 0x0000000711e00000, 0x0000000711e00000|
| 287|0x0000000711f00000, 0x0000000711f00000, 0x0000000712000000|  0%| F|  |TS 15|AC  0|TAMS 0x0000000711f00000, 0x0000000711f00000|
| 288|0x0000000712000000, 0x0000000712000000, 0x0000000712100000|  0%| F|  |TS 15|AC  0|TAMS 0x0000000712000000, 0x0000000712000000|
| 289|0x0000000712100000, 0x0000000712100000, 0x0000000712200000|  0%| F|  |TS 15|AC  0|TAMS 0x0000000712100000, 0x0000000712100000|
| 290|0x0000000712200000, 0x0000000712200000, 0x0000000712300000|  0%| F|  |TS 15|AC  0|TAMS 0x0000000712200000, 0x0000000712200000|
| 291|0x0000000712300000, 0x0000000712300000, 0x0000000712400000|  0%| F|  |TS 15|AC  0|TAMS 0x0000000712300000, 0x0000000712300000|
| 292|0x0000000712400000, 0x0000000712400000, 0x0000000712500000|  0%| F|  |TS 15|AC  0|TAMS 0x0000000712400000, 0x0000000712400000|
| 293|0x0000000712500000, 0x0000000712500000, 0x0000000712600000|  0%| F|  |TS 15|AC  0|TAMS 0x0000000712500000, 0x0000000712500000|
| 294|0x0000000712600000, 0x0000000712600000, 0x0000000712700000|  0%| F|  |TS 15|AC  0|TAMS 0x0000000712600000, 0x0000000712600000|
| 295|0x0000000712700000, 0x0000000712700000, 0x0000000712800000|  0%| F|  |TS 15|AC  0|TAMS 0x0000000712700000, 0x0000000712700000|
| 296|0x0000000712800000, 0x0000000712800000, 0x0000000712900000|  0%| F|  |TS 15|AC  0|TAMS 0x0000000712800000, 0x0000000712800000|
| 297|0x0000000712900000, 0x0000000712900000, 0x0000000712a00000|  0%| F|  |TS 15|AC  0|TAMS 0x0000000712900000, 0x0000000712900000|
| 298|0x0000000712a00000, 0x0000000712a00000, 0x0000000712b00000|  0%| F|  |TS 15|AC  0|TAMS 0x0000000712a00000, 0x0000000712a00000|
| 299|0x0000000712b00000, 0x0000000712b00000, 0x0000000712c00000|  0%| F|  |TS 15|AC  0|TAMS 0x0000000712b00000, 0x0000000712b00000|
| 300|0x0000000712c00000, 0x0000000712c00000, 0x0000000712d00000|  0%| F|  |TS 15|AC  0|TAMS 0x0000000712c00000, 0x0000000712c00000|
| 301|0x0000000712d00000, 0x0000000712d00000, 0x0000000712e00000|  0%| F|  |TS 15|AC  0|TAMS 0x0000000712d00000, 0x0000000712d00000|
| 302|0x0000000712e00000, 0x0000000712e00000, 0x0000000712f00000|  0%| F|  |TS 15|AC  0|TAMS 0x0000000712e00000, 0x0000000712e00000|
| 303|0x0000000712f00000, 0x0000000712f00000, 0x0000000713000000|  0%| F|  |TS 15|AC  0|TAMS 0x0000000712f00000, 0x0000000712f00000|
| 304|0x0000000713000000, 0x0000000713000000, 0x0000000713100000|  0%| F|  |TS 15|AC  0|TAMS 0x0000000713000000, 0x0000000713000000|
| 305|0x0000000713100000, 0x0000000713100000, 0x0000000713200000|  0%| F|  |TS 15|AC  0|TAMS 0x0000000713100000, 0x0000000713100000|
| 306|0x0000000713200000, 0x0000000713200000, 0x0000000713300000|  0%| F|  |TS 15|AC  0|TAMS 0x0000000713200000, 0x0000000713200000|
| 307|0x0000000713300000, 0x0000000713300000, 0x0000000713400000|  0%| F|  |TS 15|AC  0|TAMS 0x0000000713300000, 0x0000000713300000|
| 308|0x0000000713400000, 0x0000000713400000, 0x0000000713500000|  0%| F|  |TS 15|AC  0|TAMS 0x0000000713400000, 0x0000000713400000|
| 309|0x0000000713500000, 0x0000000713500000, 0x0000000713600000|  0%| F|  |TS 15|AC  0|TAMS 0x0000000713500000, 0x0000000713500000|
| 310|0x0000000713600000, 0x0000000713600000, 0x0000000713700000|  0%| F|  |TS 15|AC  0|TAMS 0x0000000713600000, 0x0000000713600000|
| 311|0x0000000713700000, 0x0000000713700000, 0x0000000713800000|  0%| F|  |TS 21|AC  0|TAMS 0x0000000713700000, 0x0000000713700000|
| 312|0x0000000713800000, 0x0000000713800000, 0x0000000713900000|  0%| F|  |TS 23|AC  0|TAMS 0x0000000713800000, 0x0000000713800000|
| 313|0x0000000713900000, 0x0000000713900000, 0x0000000713a00000|  0%| F|  |TS 43|AC  0|TAMS 0x0000000713900000, 0x0000000713900000|
| 314|0x0000000713a00000, 0x0000000713a00000, 0x0000000713b00000|  0%| F|  |TS 69|AC  0|TAMS 0x0000000713a00000, 0x0000000713a00000|
| 315|0x0000000713b00000, 0x0000000713b36760, 0x0000000713c00000| 21%| S|CS|TS 69|AC  0|TAMS 0x0000000713b00000, 0x0000000713b00000|
| 316|0x0000000713c00000, 0x0000000713c00000, 0x0000000713d00000|  0%| F|  |TS 69|AC  0|TAMS 0x0000000713c00000, 0x0000000713c00000|
| 317|0x0000000713d00000, 0x0000000713e00000, 0x0000000713e00000|100%| S|CS|TS 69|AC  0|TAMS 0x0000000713d00000, 0x0000000713d00000|
| 318|0x0000000713e00000, 0x0000000713e00000, 0x0000000713f00000|  0%| F|  |TS 69|AC  0|TAMS 0x0000000713e00000, 0x0000000713e00000|
| 319|0x0000000713f00000, 0x0000000713f00000, 0x0000000714000000|  0%| F|  |TS 69|AC  0|TAMS 0x0000000713f00000, 0x0000000713f00000|
| 320|0x0000000714000000, 0x0000000714000000, 0x0000000714100000|  0%| F|  |TS 69|AC  0|TAMS 0x0000000714000000, 0x0000000714000000|
| 321|0x0000000714100000, 0x0000000714100000, 0x0000000714200000|  0%| F|  |TS 69|AC  0|TAMS 0x0000000714100000, 0x0000000714100000|
| 322|0x0000000714200000, 0x0000000714200000, 0x0000000714300000|  0%| F|  |TS 69|AC  0|TAMS 0x0000000714200000, 0x0000000714200000|
| 323|0x0000000714300000, 0x0000000714300000, 0x0000000714400000|  0%| F|  |TS 69|AC  0|TAMS 0x0000000714300000, 0x0000000714300000|
| 324|0x0000000714400000, 0x0000000714400000, 0x0000000714500000|  0%| F|  |TS 69|AC  0|TAMS 0x0000000714400000, 0x0000000714400000|
| 325|0x0000000714500000, 0x0000000714500000, 0x0000000714600000|  0%| F|  |TS 69|AC  0|TAMS 0x0000000714500000, 0x0000000714500000|
| 326|0x0000000714600000, 0x0000000714600000, 0x0000000714700000|  0%| F|  |TS 69|AC  0|TAMS 0x0000000714600000, 0x0000000714600000|
| 327|0x0000000714700000, 0x0000000714700000, 0x0000000714800000|  0%| F|  |TS 69|AC  0|TAMS 0x0000000714700000, 0x0000000714700000|
| 328|0x0000000714800000, 0x0000000714800000, 0x0000000714900000|  0%| F|  |TS 69|AC  0|TAMS 0x0000000714800000, 0x0000000714800000|
| 329|0x0000000714900000, 0x0000000714900000, 0x0000000714a00000|  0%| F|  |TS 69|AC  0|TAMS 0x0000000714900000, 0x0000000714900000|
| 330|0x0000000714a00000, 0x0000000714a00000, 0x0000000714b00000|  0%| F|  |TS 69|AC  0|TAMS 0x0000000714a00000, 0x0000000714a00000|
| 331|0x0000000714b00000, 0x0000000714b00000, 0x0000000714c00000|  0%| F|  |TS 69|AC  0|TAMS 0x0000000714b00000, 0x0000000714b00000|
| 332|0x0000000714c00000, 0x0000000714c00000, 0x0000000714d00000|  0%| F|  |TS 69|AC  0|TAMS 0x0000000714c00000, 0x0000000714c00000|
| 333|0x0000000714d00000, 0x0000000714d00000, 0x0000000714e00000|  0%| F|  |TS 69|AC  0|TAMS 0x0000000714d00000, 0x0000000714d00000|
| 334|0x0000000714e00000, 0x0000000714e00000, 0x0000000714f00000|  0%| F|  |TS 69|AC  0|TAMS 0x0000000714e00000, 0x0000000714e00000|
| 335|0x0000000714f00000, 0x0000000714f00000, 0x0000000715000000|  0%| F|  |TS 69|AC  0|TAMS 0x0000000714f00000, 0x0000000714f00000|
| 336|0x0000000715000000, 0x0000000715000000, 0x0000000715100000|  0%| F|  |TS 69|AC  0|TAMS 0x0000000715000000, 0x0000000715000000|
| 337|0x0000000715100000, 0x0000000715100000, 0x0000000715200000|  0%| F|  |TS 69|AC  0|TAMS 0x0000000715100000, 0x0000000715100000|
| 338|0x0000000715200000, 0x0000000715200000, 0x0000000715300000|  0%| F|  |TS 69|AC  0|TAMS 0x0000000715200000, 0x0000000715200000|
| 339|0x0000000715300000, 0x0000000715300000, 0x0000000715400000|  0%| F|  |TS 69|AC  0|TAMS 0x0000000715300000, 0x0000000715300000|
| 340|0x0000000715400000, 0x0000000715400000, 0x0000000715500000|  0%| F|  |TS 69|AC  0|TAMS 0x0000000715400000, 0x0000000715400000|
| 341|0x0000000715500000, 0x0000000715500000, 0x0000000715600000|  0%| F|  |TS 69|AC  0|TAMS 0x0000000715500000, 0x0000000715500000|
| 342|0x0000000715600000, 0x0000000715600000, 0x0000000715700000|  0%| F|  |TS 69|AC  0|TAMS 0x0000000715600000, 0x0000000715600000|
| 343|0x0000000715700000, 0x0000000715700000, 0x0000000715800000|  0%| F|  |TS 69|AC  0|TAMS 0x0000000715700000, 0x0000000715700000|
| 344|0x0000000715800000, 0x0000000715800000, 0x0000000715900000|  0%| F|  |TS 69|AC  0|TAMS 0x0000000715800000, 0x0000000715800000|
| 345|0x0000000715900000, 0x0000000715900000, 0x0000000715a00000|  0%| F|  |TS 69|AC  0|TAMS 0x0000000715900000, 0x0000000715900000|
| 346|0x0000000715a00000, 0x0000000715a00000, 0x0000000715b00000|  0%| F|  |TS 69|AC  0|TAMS 0x0000000715a00000, 0x0000000715a00000|
| 347|0x0000000715b00000, 0x0000000715b00000, 0x0000000715c00000|  0%| F|  |TS 69|AC  0|TAMS 0x0000000715b00000, 0x0000000715b00000|
| 348|0x0000000715c00000, 0x0000000715c00000, 0x0000000715d00000|  0%| F|  |TS 69|AC  0|TAMS 0x0000000715c00000, 0x0000000715c00000|
| 349|0x0000000715d00000, 0x0000000715d00000, 0x0000000715e00000|  0%| F|  |TS 69|AC  0|TAMS 0x0000000715d00000, 0x0000000715d00000|
| 350|0x0000000715e00000, 0x0000000715e00000, 0x0000000715f00000|  0%| F|  |TS 69|AC  0|TAMS 0x0000000715e00000, 0x0000000715e00000|
| 351|0x0000000715f00000, 0x0000000715f00000, 0x0000000716000000|  0%| F|  |TS 69|AC  0|TAMS 0x0000000715f00000, 0x0000000715f00000|
| 352|0x0000000716000000, 0x0000000716000000, 0x0000000716100000|  0%| F|  |TS 69|AC  0|TAMS 0x0000000716000000, 0x0000000716000000|
| 353|0x0000000716100000, 0x0000000716100000, 0x0000000716200000|  0%| F|  |TS 69|AC  0|TAMS 0x0000000716100000, 0x0000000716100000|
| 354|0x0000000716200000, 0x0000000716200000, 0x0000000716300000|  0%| F|  |TS 69|AC  0|TAMS 0x0000000716200000, 0x0000000716200000|
| 355|0x0000000716300000, 0x0000000716300000, 0x0000000716400000|  0%| F|  |TS 69|AC  0|TAMS 0x0000000716300000, 0x0000000716300000|
| 356|0x0000000716400000, 0x0000000716400000, 0x0000000716500000|  0%| F|  |TS 69|AC  0|TAMS 0x0000000716400000, 0x0000000716400000|
| 357|0x0000000716500000, 0x0000000716500000, 0x0000000716600000|  0%| F|  |TS 69|AC  0|TAMS 0x0000000716500000, 0x0000000716500000|
| 358|0x0000000716600000, 0x0000000716600000, 0x0000000716700000|  0%| F|  |TS 69|AC  0|TAMS 0x0000000716600000, 0x0000000716600000|
| 359|0x0000000716700000, 0x0000000716700000, 0x0000000716800000|  0%| F|  |TS 69|AC  0|TAMS 0x0000000716700000, 0x0000000716700000|
| 360|0x0000000716800000, 0x0000000716800000, 0x0000000716900000|  0%| F|  |TS 69|AC  0|TAMS 0x0000000716800000, 0x0000000716800000|
| 361|0x0000000716900000, 0x0000000716900000, 0x0000000716a00000|  0%| F|  |TS 69|AC  0|TAMS 0x0000000716900000, 0x0000000716900000|
| 362|0x0000000716a00000, 0x0000000716a00000, 0x0000000716b00000|  0%| F|  |TS 69|AC  0|TAMS 0x0000000716a00000, 0x0000000716a00000|
| 363|0x0000000716b00000, 0x0000000716b00000, 0x0000000716c00000|  0%| F|  |TS 69|AC  0|TAMS 0x0000000716b00000, 0x0000000716b00000|
| 364|0x0000000716c00000, 0x0000000716c00000, 0x0000000716d00000|  0%| F|  |TS 69|AC  0|TAMS 0x0000000716c00000, 0x0000000716c00000|
| 365|0x0000000716d00000, 0x0000000716d00000, 0x0000000716e00000|  0%| F|  |TS 69|AC  0|TAMS 0x0000000716d00000, 0x0000000716d00000|
| 366|0x0000000716e00000, 0x0000000716e00000, 0x0000000716f00000|  0%| F|  |TS 69|AC  0|TAMS 0x0000000716e00000, 0x0000000716e00000|
| 367|0x0000000716f00000, 0x0000000716f00000, 0x0000000717000000|  0%| F|  |TS 69|AC  0|TAMS 0x0000000716f00000, 0x0000000716f00000|
| 368|0x0000000717000000, 0x0000000717000000, 0x0000000717100000|  0%| F|  |TS 69|AC  0|TAMS 0x0000000717000000, 0x0000000717000000|
| 369|0x0000000717100000, 0x0000000717100000, 0x0000000717200000|  0%| F|  |TS 69|AC  0|TAMS 0x0000000717100000, 0x0000000717100000|
| 370|0x0000000717200000, 0x0000000717200000, 0x0000000717300000|  0%| F|  |TS 69|AC  0|TAMS 0x0000000717200000, 0x0000000717200000|
| 371|0x0000000717300000, 0x0000000717300000, 0x0000000717400000|  0%| F|  |TS 69|AC  0|TAMS 0x0000000717300000, 0x0000000717300000|
| 372|0x0000000717400000, 0x0000000717400000, 0x0000000717500000|  0%| F|  |TS 69|AC  0|TAMS 0x0000000717400000, 0x0000000717400000|
| 373|0x0000000717500000, 0x0000000717500000, 0x0000000717600000|  0%| F|  |TS 69|AC  0|TAMS 0x0000000717500000, 0x0000000717500000|
| 374|0x0000000717600000, 0x0000000717600000, 0x0000000717700000|  0%| F|  |TS 69|AC  0|TAMS 0x0000000717600000, 0x0000000717600000|
| 375|0x0000000717700000, 0x00000007177a09a8, 0x0000000717800000| 62%| E|  |TS 69|AC  0|TAMS 0x0000000717700000, 0x0000000717700000|

Card table byte_map: [0x0000023b7e1e0000,0x0000023b7e7e0000] byte_map_base: 0x0000023b7a9e0000

Marking Bits (Prev, Next): (CMBitMap*) 0x0000023b654b19a0, (CMBitMap*) 0x0000023b654b19d8
 Prev Bits: [0x0000023b00000000, 0x0000023b03000000)
 Next Bits: [0x0000023b03000000, 0x0000023b06000000)

Polling page: 0x0000023b5d360000

CodeHeap 'non-profiled nmethods': size=120000Kb used=21988Kb max_used=21988Kb free=98011Kb
 bounds [0x0000023b75710000, 0x0000023b76c90000, 0x0000023b7cc40000]
CodeHeap 'profiled nmethods': size=120000Kb used=43746Kb max_used=43746Kb free=76253Kb
 bounds [0x0000023b6e1e0000, 0x0000023b70d40000, 0x0000023b75710000]
CodeHeap 'non-nmethods': size=5760Kb used=1801Kb max_used=1858Kb free=3958Kb
 bounds [0x0000023b6dc40000, 0x0000023b6deb0000, 0x0000023b6e1e0000]
 total_blobs=34200 nmethods=17905 adapters=1137
 compilation: enabled

Compilation events (10 events):
Event: 2984.638 Thread 0x0000023b650d7000 23336       3       sun.awt.image.ImageWatched$WeakLink::isWatcher (28 bytes)
Event: 2984.638 Thread 0x0000023b650d7000 nmethod 23336 0x0000023b6fa22e90 code [0x0000023b6fa23060, 0x0000023b6fa233f0]
Event: 2985.711 Thread 0x0000023b650d7000 23337       1       ui.views.p.a.m::ahY (5 bytes)
Event: 2985.711 Thread 0x0000023b650d7000 nmethod 23337 0x0000023b76c8ca10 code [0x0000023b76c8cbc0, 0x0000023b76c8ccd8]
Event: 2985.712 Thread 0x0000023b650d7000 23339       3       ui.views.cE::equals (49 bytes)
Event: 2985.712 Thread 0x0000023b650d7000 nmethod 23339 0x0000023b6fabb010 code [0x0000023b6fabb200, 0x0000023b6fabb8c0]
Event: 2985.712 Thread 0x0000023b650d7000 23338       1       ui.views.cE::YC (5 bytes)
Event: 2985.712 Thread 0x0000023b650d7000 nmethod 23338 0x0000023b76c8cd90 code [0x0000023b76c8cf40, 0x0000023b76c8d058]
Event: 2985.712 Thread 0x0000023b650d7000 23340       3       ui.views.cE::bb (12 bytes)
Event: 2985.712 Thread 0x0000023b650d7000 nmethod 23340 0x0000023b6f802c90 code [0x0000023b6f802e40, 0x0000023b6f803070]

GC Heap History (10 events):
Event: 2904.444 GC heap before
{Heap before GC invocations=646 (full 231):
 garbage-first heap   total 385024K, used 140238K [0x0000000700000000, 0x0000000700100bc0, 0x00000007c0000000)
  region size 1024K, 60 young (61440K), 2 survivors (2048K)
 Metaspace       used 85279K, capacity 91362K, committed 91420K, reserved 1128448K
  class space    used 11507K, capacity 12569K, committed 12572K, reserved 1048576K
}
Event: 2904.446 GC heap after
{Heap after GC invocations=647 (full 231):
 garbage-first heap   total 385024K, used 80769K [0x0000000700000000, 0x0000000700100bc0, 0x00000007c0000000)
  region size 1024K, 1 young (1024K), 1 survivors (1024K)
 Metaspace       used 85279K, capacity 91362K, committed 91420K, reserved 1128448K
  class space    used 11507K, capacity 12569K, committed 12572K, reserved 1048576K
}
Event: 2938.993 GC heap before
{Heap before GC invocations=647 (full 231):
 garbage-first heap   total 385024K, used 141185K [0x0000000700000000, 0x0000000700100bc0, 0x00000007c0000000)
  region size 1024K, 60 young (61440K), 1 survivors (1024K)
 Metaspace       used 85281K, capacity 91362K, committed 91420K, reserved 1128448K
  class space    used 11507K, capacity 12569K, committed 12572K, reserved 1048576K
}
Event: 2938.995 GC heap after
{Heap after GC invocations=648 (full 231):
 garbage-first heap   total 385024K, used 80879K [0x0000000700000000, 0x0000000700100bc0, 0x00000007c0000000)
  region size 1024K, 1 young (1024K), 1 survivors (1024K)
 Metaspace       used 85281K, capacity 91362K, committed 91420K, reserved 1128448K
  class space    used 11507K, capacity 12569K, committed 12572K, reserved 1048576K
}
Event: 2978.248 GC heap before
{Heap before GC invocations=648 (full 231):
 garbage-first heap   total 385024K, used 141295K [0x0000000700000000, 0x0000000700100bc0, 0x00000007c0000000)
  region size 1024K, 60 young (61440K), 1 survivors (1024K)
 Metaspace       used 85282K, capacity 91426K, committed 91676K, reserved 1128448K
  class space    used 11507K, capacity 12569K, committed 12572K, reserved 1048576K
}
Event: 2978.250 GC heap after
{Heap after GC invocations=649 (full 231):
 garbage-first heap   total 385024K, used 80890K [0x0000000700000000, 0x0000000700100bc0, 0x00000007c0000000)
  region size 1024K, 1 young (1024K), 1 survivors (1024K)
 Metaspace       used 85282K, capacity 91426K, committed 91676K, reserved 1128448K
  class space    used 11507K, capacity 12569K, committed 12572K, reserved 1048576K
}
Event: 2983.784 GC heap before
{Heap before GC invocations=649 (full 231):
 garbage-first heap   total 385024K, used 141306K [0x0000000700000000, 0x0000000700100bc0, 0x00000007c0000000)
  region size 1024K, 60 young (61440K), 1 survivors (1024K)
 Metaspace       used 85596K, capacity 91752K, committed 92060K, reserved 1128448K
  class space    used 11549K, capacity 12634K, committed 12700K, reserved 1048576K
}
Event: 2983.787 GC heap after
{Heap after GC invocations=650 (full 231):
 garbage-first heap   total 385024K, used 81702K [0x0000000700000000, 0x0000000700100bc0, 0x00000007c0000000)
  region size 1024K, 2 young (2048K), 2 survivors (2048K)
 Metaspace       used 85596K, capacity 91752K, committed 92060K, reserved 1128448K
  class space    used 11549K, capacity 12634K, committed 12700K, reserved 1048576K
}
Event: 2985.716 GC heap before
{Heap before GC invocations=650 (full 231):
 garbage-first heap   total 385024K, used 141094K [0x0000000700000000, 0x0000000700100bc0, 0x00000007c0000000)
  region size 1024K, 60 young (61440K), 2 survivors (2048K)
 Metaspace       used 85613K, capacity 91752K, committed 92060K, reserved 1128448K
  class space    used 11550K, capacity 12634K, committed 12700K, reserved 1048576K
}
Event: 2985.718 GC heap after
{Heap after GC invocations=651 (full 231):
 garbage-first heap   total 385024K, used 81559K [0x0000000700000000, 0x0000000700100bc0, 0x00000007c0000000)
  region size 1024K, 2 young (2048K), 2 survivors (2048K)
 Metaspace       used 85613K, capacity 91752K, committed 92060K, reserved 1128448K
  class space    used 11550K, capacity 12634K, committed 12700K, reserved 1048576K
}

Deoptimization events (10 events):
Event: 2978.728 Thread 0x0000023b093c0000 Uncommon trap: reason=bimorphic_or_optimized_type_check action=maybe_recompile pc=0x0000023b76bcf788 method=java.awt.Component.dispatchEventImpl(Ljava/awt/AWTEvent;)V @ 447 c2
Event: 2978.728 Thread 0x0000023b093c0000 Uncommon trap: reason=bimorphic_or_optimized_type_check action=maybe_recompile pc=0x0000023b76a9518c method=java.awt.Component.processEvent(Ljava/awt/AWTEvent;)V @ 121 c2
Event: 2979.929 Thread 0x0000023b093c0000 Uncommon trap: reason=bimorphic_or_optimized_type_check action=maybe_recompile pc=0x0000023b76a9518c method=java.awt.Component.processEvent(Ljava/awt/AWTEvent;)V @ 121 c2
Event: 2980.225 Thread 0x0000023b093c0000 Uncommon trap: reason=unstable_if action=reinterpret pc=0x0000023b7650f71c method=com.jidesoft.marker.DefaultMarkerModel.getMarkersAt(II)Ljava/util/List; @ 31 c2
Event: 2980.225 Thread 0x0000023b093c0000 Uncommon trap: reason=unstable_if action=reinterpret pc=0x0000023b76994134 method=com.jidesoft.marker.DefaultMarkerModel.getMarkersAt(II)Ljava/util/List; @ 31 c2
Event: 2982.441 Thread 0x0000023b093c0000 Uncommon trap: reason=unstable_if action=reinterpret pc=0x0000023b765795e4 method=ui.views.a.qL(Z)Z @ 51 c2
Event: 2982.454 Thread 0x0000023b0ac9e000 Uncommon trap: reason=unstable_if action=reinterpret pc=0x0000023b768a4078 method=java.awt.Component.imageUpdate(Ljava/awt/Image;IIIII)Z @ 7 c2
Event: 2983.519 Thread 0x0000023b093c0000 Uncommon trap: reason=unstable_if action=reinterpret pc=0x0000023b7683f1b8 method=ui.utils.o.p.q.paintComponent(Ljava/awt/Graphics;)V @ 4 c2
Event: 2983.805 Thread 0x0000023b0aca0800 Uncommon trap: reason=unstable_if action=reinterpret pc=0x0000023b768855cc method=ui.data.experiment.y.aJG()Ljava/util/Iterator; @ 27 c2
Event: 2985.709 Thread 0x0000023b093c0000 Uncommon trap: reason=predicate action=maybe_recompile pc=0x0000023b75b48184 method=java.util.Arrays$ArrayList.indexOf(Ljava/lang/Object;)I @ 42 c2

Classes redefined (0 events):
No events

Internal exceptions (10 events):
Event: 1771.650 Thread 0x0000023b093c0000 Exception <a 'java/lang/NoSuchMethodError'{0x0000000709ec9be8}: java.lang.invoke.DelegatingMethodHandle$Holder.reinvoke_L(Ljava/lang/Object;IILjava/lang/Object;ILjava/lang/Object;Ljava/lang/Object;)Ljava/lang/Object;> (0x0000000709ec9be8) thrown at [t:/wo
Event: 1771.651 Thread 0x0000023b093c0000 Exception <a 'java/lang/NoSuchMethodError'{0x0000000709eef638}: java.lang.invoke.DirectMethodHandle$Holder.invokeSpecial(Ljava/lang/Object;Ljava/lang/Object;Ljava/lang/Object;ILjava/lang/Object;Ljava/lang/Object;)Ljava/lang/Object;> (0x0000000709eef638) t
Event: 1773.613 Thread 0x0000023b093c0000 Implicit null exception at 0x0000023b760a538c to 0x0000023b760a53f0
Event: 1928.527 Thread 0x0000023b093c0000 Exception <a 'java/lang/NoSuchMethodError'{0x000000070d222b70}: java.lang.invoke.DirectMethodHandle$Holder.invokeStatic(Ljava/lang/Object;Ljava/lang/Object;I)V> (0x000000070d222b70) thrown at [t:/workspace/hotspot/src/share/vm/interpreter/linkResolver.cpp
Event: 2046.453 Thread 0x0000023b093c0000 Exception <a 'java/lang/NoSuchMethodError'{0x000000070b46d520}: method resolution failed> (0x000000070b46d520) thrown at [t:/workspace/hotspot/src/share/vm/prims/methodHandles.cpp, line 1256]
Event: 2046.453 Thread 0x0000023b093c0000 Exception <a 'java/lang/NoSuchMethodError'{0x000000070b4734b0}: java.lang.invoke.DirectMethodHandle$Holder.invokeStatic(Ljava/lang/Object;Ljava/lang/Object;ILjava/lang/Object;I)Ljava/lang/Object;> (0x000000070b4734b0) thrown at [t:/workspace/hotspot/src/s
Event: 2353.707 Thread 0x0000023b093c0000 Implicit null exception at 0x0000023b763f0d50 to 0x0000023b763f0dd0
Event: 2353.711 Thread 0x0000023b093c0000 Implicit null exception at 0x0000023b75c108ef to 0x0000023b75c10c51
Event: 2444.705 Thread 0x0000023b093c0000 Implicit null exception at 0x0000023b767ea081 to 0x0000023b767ea635
Event: 2982.441 Thread 0x0000023b0aca0800 Exception <a 'java/lang/InterruptedException'{0x00000007168680e8}: sleep interrupted> (0x00000007168680e8) thrown at [t:/workspace/hotspot/src/share/vm/prims/jvm.cpp, line 3023]

Events (10 events):
Event: 2984.342 Thread 0x0000023b0aca2800 Thread exited: 0x0000023b0aca2800
Event: 2985.333 Thread 0x0000023b0aca1000 Thread added: 0x0000023b0aca1000
Event: 2985.334 Thread 0x0000023b0aca1000 Thread exited: 0x0000023b0aca1000
Event: 2985.709 Thread 0x0000023b093c0000 Uncommon trap: trap_request=0xffffff86 fr.pc=0x0000023b75b48184 relative=0x00000000000000e4
Event: 2985.709 Thread 0x0000023b093c0000 DEOPT PACKING pc=0x0000023b75b48184 sp=0x0000008266cfcfb0
Event: 2985.709 Thread 0x0000023b093c0000 DEOPT UNPACKING pc=0x0000023b6dc8df29 sp=0x0000008266cfcf00 mode 2
Event: 2985.711 loading class ui/data/X
Event: 2985.711 loading class ui/data/X done
Event: 2985.716 Executing VM operation: G1IncCollectionPause
Event: 2985.718 Executing VM operation: G1IncCollectionPause done


Dynamic libraries:
0x00007ff6d0fc0000 - 0x00007ff6d0ff0000 	C:\Xilinx\Vivado\2018.3\bin\unwrapped\win64.o\vivado.exe
0x00007ff956b50000 - 0x00007ff956d31000 	C:\Windows\SYSTEM32\ntdll.dll
0x00007ff955580000 - 0x00007ff955632000 	C:\Windows\System32\KERNEL32.DLL
0x00007ff953780000 - 0x00007ff9539f3000 	C:\Windows\System32\KERNELBASE.dll
0x00007ff952f70000 - 0x00007ff95306a000 	C:\Windows\System32\ucrtbase.dll
0x00007ff925d30000 - 0x00007ff925dcd000 	C:\Windows\SYSTEM32\MSVCP140.dll
0x00007ff925d10000 - 0x00007ff925d27000 	C:\Windows\SYSTEM32\VCRUNTIME140.dll
0x00007ff925cf0000 - 0x00007ff925d04000 	C:\Xilinx\Vivado\2018.3\lib\win64.o\libboost_signals.dll
0x00007ff924e30000 - 0x00007ff924e44000 	C:\Xilinx\Vivado\2018.3\lib\win64.o\librdi_commonmain.dll
0x00007ff924e50000 - 0x00007ff925ce4000 	C:\Xilinx\Vivado\2018.3\lib\win64.o\librdi_common.dll
0x00007ff956770000 - 0x00007ff956900000 	C:\Windows\System32\USER32.dll
0x00007ff953d90000 - 0x00007ff953db0000 	C:\Windows\System32\win32u.dll
0x00007ff9566e0000 - 0x00007ff956708000 	C:\Windows\System32\GDI32.dll
0x00007ff953bf0000 - 0x00007ff953d82000 	C:\Windows\System32\gdi32full.dll
0x00007ff953ee0000 - 0x00007ff953f7f000 	C:\Windows\System32\msvcp_win.dll
0x00007ff955fe0000 - 0x00007ff956081000 	C:\Windows\System32\ADVAPI32.dll
0x00007ff955c70000 - 0x00007ff955d0e000 	C:\Windows\System32\msvcrt.dll
0x00007ff955a20000 - 0x00007ff955a7b000 	C:\Windows\System32\sechost.dll
0x00007ff955eb0000 - 0x00007ff955fd4000 	C:\Windows\System32\RPCRT4.dll
0x00007ff9540b0000 - 0x00007ff9554f0000 	C:\Windows\System32\SHELL32.dll
0x00007ff952f20000 - 0x00007ff952f69000 	C:\Windows\System32\cfgmgr32.dll
0x00007ff955d10000 - 0x00007ff955db9000 	C:\Windows\System32\shcore.dll
0x00007ff924e00000 - 0x00007ff924e26000 	C:\Xilinx\Vivado\2018.3\lib\win64.o\libboost_filesystem.dll
0x00007ff9556e0000 - 0x00007ff955a03000 	C:\Windows\System32\combase.dll
0x00007ff953e60000 - 0x00007ff953eda000 	C:\Windows\System32\bcryptPrimitives.dll
0x00007ff953070000 - 0x00007ff95377d000 	C:\Windows\System32\windows.storage.dll
0x00007ff956920000 - 0x00007ff956971000 	C:\Windows\System32\shlwapi.dll
0x00007ff924df0000 - 0x00007ff924dfa000 	C:\Xilinx\Vivado\2018.3\lib\win64.o\librdi_commonversion.dll
0x00007ff952e90000 - 0x00007ff952ea1000 	C:\Windows\System32\kernel.appcore.dll
0x00007ff952e60000 - 0x00007ff952e7f000 	C:\Windows\System32\profapi.dll
0x00007ff952ed0000 - 0x00007ff952f1c000 	C:\Windows\System32\powrprof.dll
0x00007ff952e80000 - 0x00007ff952e8a000 	C:\Windows\System32\FLTLIB.DLL
0x00007ff924cc0000 - 0x00007ff924de1000 	C:\Xilinx\Vivado\2018.3\lib\win64.o\librdi_commonxillic.dll
0x0000000055d50000 - 0x0000000055e7b000 	C:\Xilinx\Vivado\2018.3\lib\win64.o\tcl85t.dll
0x00007ff956090000 - 0x00007ff9560fc000 	C:\Windows\System32\WS2_32.dll
0x00007ff924950000 - 0x00007ff924cbe000 	C:\Xilinx\Vivado\2018.3\lib\win64.o\libCOIN-all.dll
0x00007ff924210000 - 0x00007ff9244c5000 	C:\Xilinx\Vivado\2018.3\lib\win64.o\libXil_lmgr11.dll
0x00007ff924930000 - 0x00007ff924944000 	C:\Xilinx\Vivado\2018.3\lib\win64.o\libboost_date_time.dll
0x00007ff955dc0000 - 0x00007ff955ead000 	C:\Windows\System32\COMDLG32.dll
0x00007ff953fe0000 - 0x00007ff9540a2000 	C:\Windows\System32\OLEAUT32.dll
0x00007ff956100000 - 0x00007ff956251000 	C:\Windows\System32\ole32.dll
0x00007ff953f80000 - 0x00007ff953fd7000 	C:\Windows\System32\WINTRUST.dll
0x00007ff952eb0000 - 0x00007ff952ec2000 	C:\Windows\System32\MSASN1.dll
0x00007ff953a00000 - 0x00007ff953be2000 	C:\Windows\System32\CRYPT32.dll
0x00007ff924810000 - 0x00007ff924924000 	C:\Xilinx\Vivado\2018.3\lib\win64.o\libboost_regex.dll
0x00007ff924790000 - 0x00007ff92480f000 	C:\Xilinx\Vivado\2018.3\lib\win64.o\libboost_program_options.dll
0x00007ff924780000 - 0x00007ff92478b000 	C:\Xilinx\Vivado\2018.3\lib\win64.o\libboost_system.dll
0x00007ff924750000 - 0x00007ff924771000 	C:\Xilinx\Vivado\2018.3\lib\win64.o\libboost_thread.dll
0x00007ff924740000 - 0x00007ff92474f000 	C:\Xilinx\Vivado\2018.3\lib\win64.o\libboost_xilinx.dll
0x00007ff924180000 - 0x00007ff924202000 	C:\Xilinx\Vivado\2018.3\lib\win64.o\libhdlpsolve.dll
0x00007ff9240d0000 - 0x00007ff924175000 	C:\Xilinx\Vivado\2018.3\lib\win64.o\libhdxml.dll
0x00007ff923880000 - 0x00007ff9240ce600 	C:\Xilinx\Vivado\2018.3\lib\win64.o\libisl_iostreams.dll
0x00007ff923850000 - 0x00007ff92387e000 	C:\Xilinx\Vivado\2018.3\lib\win64.o\libisl_sysinfo.dll
0x00007ff9237e0000 - 0x00007ff923845000 	C:\Xilinx\Vivado\2018.3\lib\win64.o\liblmx6.0.dll
0x00007ff9237c0000 - 0x00007ff9237da000 	C:\Xilinx\Vivado\2018.3\lib\win64.o\pthreadVC2.dll
0x00007ff94a530000 - 0x00007ff94a547000 	C:\Windows\SYSTEM32\NETAPI32.dll
0x00007ff94a610000 - 0x00007ff94a95f000 	C:\Windows\SYSTEM32\WININET.dll
0x00007ff94e9e0000 - 0x00007ff94eabd000 	C:\Windows\SYSTEM32\WINHTTP.dll
0x00007ff9237a0000 - 0x00007ff9237bc000 	C:\Xilinx\Vivado\2018.3\lib\win64.o\librdiconfig.dll
0x00007ff948700000 - 0x00007ff9488cc000 	C:\Windows\SYSTEM32\urlmon.dll
0x00007ff923770000 - 0x00007ff923791000 	C:\Xilinx\Vivado\2018.3\lib\win64.o\librdizlib.dll
0x0000000012000000 - 0x0000000012272000 	C:\Xilinx\Vivado\2018.3\lib\win64.o\xerces-c_3_1.dll
0x00007ff923760000 - 0x00007ff923769000 	C:\Windows\SYSTEM32\WSOCK32.dll
0x00007ff923730000 - 0x00007ff92375e000 	C:\Windows\SYSTEM32\VCOMP140.DLL
0x00007ff944ef0000 - 0x00007ff944f97000 	C:\Windows\WinSxS\amd64_microsoft.windows.common-controls_6595b64144ccf1df_5.82.17134.1_none_47471dc9429411f4\COMCTL32.dll
0x00007ff94e5d0000 - 0x00007ff94e5ea000 	C:\Windows\SYSTEM32\dhcpcsvc.DLL
0x00007ff955c60000 - 0x00007ff955c68000 	C:\Windows\System32\NSI.dll
0x00007ff922880000 - 0x00007ff92288d000 	C:\Xilinx\Vivado\2018.3\lib\win64.o\libboost_chrono.dll
0x00007ff922860000 - 0x00007ff92287b000 	C:\Xilinx\Vivado\2018.3\lib\win64.o\libboost_iostreams.dll
0x00007ff94e1f0000 - 0x00007ff94e492000 	C:\Windows\SYSTEM32\iertutil.dll
0x00007ff922830000 - 0x00007ff922855000 	C:\Xilinx\Vivado\2018.3\lib\win64.o\libisl_iosutils.dll
0x00007ff952890000 - 0x00007ff95289b000 	C:\Windows\SYSTEM32\CRYPTBASE.DLL
0x00007ff922890000 - 0x00007ff923721000 	C:\Xilinx\Vivado\2018.3\lib\win64.o\gurobi65.dll
0x00007ff9524e0000 - 0x00007ff9524ee000 	C:\Windows\SYSTEM32\NETUTILS.DLL
0x00007ff956260000 - 0x00007ff95628d000 	C:\Windows\System32\IMM32.DLL
0x00007ff922330000 - 0x00007ff922825000 	C:\Xilinx\Vivado\2018.3\lib\win64.o\librdi_commontasks.dll
0x00007ff94e9b0000 - 0x00007ff94e9ba000 	C:\Windows\SYSTEM32\VERSION.dll
0x00007ff9220b0000 - 0x00007ff92232f000 	C:\Xilinx\Vivado\2018.3\lib\win64.o\librdi_sio.dll
0x00007ff9523e0000 - 0x00007ff952418000 	C:\Windows\SYSTEM32\IPHLPAPI.DLL
0x0000000055320000 - 0x0000000055d45000 	C:\Xilinx\Vivado\2018.3\tps\win64\jre9.0.4\bin\server\jvm.dll
0x00007ff955a10000 - 0x00007ff955a18000 	C:\Windows\System32\PSAPI.DLL
0x00007ff9510a0000 - 0x00007ff9510c3000 	C:\Windows\SYSTEM32\WINMM.dll
0x00007ff921fc0000 - 0x00007ff9220af000 	C:\Windows\SYSTEM32\MSVCR120.dll
0x00007ff950f80000 - 0x00007ff950faa000 	C:\Windows\SYSTEM32\WINMMBASE.dll
0x00007ff952660000 - 0x00007ff9526c6000 	C:\Windows\SYSTEM32\MSWSOCK.DLL
0x00007ff91f970000 - 0x00007ff921d32000 	C:\Xilinx\Vivado\2018.3\lib\win64.o\librdi_tcltasks.dll
0x00007ff91f590000 - 0x00007ff91f96c000 	C:\Xilinx\Vivado\2018.3\lib\win64.o\librdi_bitstream.dll
0x00007ff91f410000 - 0x00007ff91f58e000 	C:\Xilinx\Vivado\2018.3\lib\win64.o\librdi_board.dll
0x00007ff91f3a0000 - 0x00007ff91f40a000 	C:\Xilinx\Vivado\2018.3\lib\win64.o\librdi_boarddep.dll
0x00007ff91f2c0000 - 0x00007ff91f39c000 	C:\Xilinx\Vivado\2018.3\lib\win64.o\librdi_chipscope.dll
0x00007ff91f100000 - 0x00007ff91f2b9000 	C:\Xilinx\Vivado\2018.3\lib\win64.o\librdi_chipscopeimpl.dll
0x00007ff91d6a0000 - 0x00007ff91d7e8000 	C:\Xilinx\Vivado\2018.3\lib\win64.o\librdi_containers.dll
0x00007ff91d7f0000 - 0x00007ff91f0f5000 	C:\Xilinx\Vivado\2018.3\lib\win64.o\librdi_constraints.dll
0x00007ff9141d0000 - 0x00007ff915fef000 	C:\Xilinx\Vivado\2018.3\lib\win64.o\librdi_coregen.dll
0x00007ff917360000 - 0x00007ff917a3a000 	C:\Xilinx\Vivado\2018.3\lib\win64.o\librdi_coregenipxact.dll
0x00007ff9103d0000 - 0x00007ff9141cb000 	C:\Xilinx\Vivado\2018.3\lib\win64.o\librdi_designutils.dll
0x00007ff9182a0000 - 0x00007ff9185bb000 	C:\Xilinx\Vivado\2018.3\lib\win64.o\librdi_dlyest.dll
0x00007ff8ff110000 - 0x00007ff8ff670000 	C:\Xilinx\Vivado\2018.3\lib\win64.o\librdi_drc.dll
0x00007ff91d5d0000 - 0x00007ff91d692000 	C:\Xilinx\Vivado\2018.3\lib\win64.o\librdi_dsp.dll
0x00007ff8ff670000 - 0x00007ff9103c2000 	C:\Xilinx\Vivado\2018.3\lib\win64.o\librdi_device.dll
0x00007ff8fead0000 - 0x00007ff8ff10f000 	C:\Xilinx\Vivado\2018.3\lib\win64.o\librdi_filemgmt.dll
0x00007ff917080000 - 0x00007ff91735a000 	C:\Xilinx\Vivado\2018.3\lib\win64.o\librdi_guitools.dll
0x00007ff92e400000 - 0x00007ff92e45d000 	C:\Xilinx\Vivado\2018.3\lib\win64.o\librdi_hdf.dll
0x00007ff8fd730000 - 0x00007ff8feac1000 	C:\Xilinx\Vivado\2018.3\lib\win64.o\librdi_implflow.dll
0x00007ff918220000 - 0x00007ff918291000 	C:\Xilinx\Vivado\2018.3\lib\win64.o\librdi_memoryarray.dll
0x00007ff8f9120000 - 0x00007ff8f975b000 	C:\Xilinx\Vivado\2018.3\lib\win64.o\librdi_netlist.dll
0x00007ff8fd110000 - 0x00007ff8fd725000 	C:\Xilinx\Vivado\2018.3\lib\win64.o\librdi_memdata.dll
0x00007ff91d580000 - 0x00007ff91d5d0000 	C:\Xilinx\Vivado\2018.3\lib\win64.o\librdi_pfi.dll
0x00007ff8f9760000 - 0x00007ff8fd10c000 	C:\Xilinx\Vivado\2018.3\lib\win64.o\librdi_mig.dll
0x00007ff8f68f0000 - 0x00007ff8f6bf7000 	C:\Xilinx\Vivado\2018.3\lib\win64.o\librdi_platform.dll
0x00007ff8f6c00000 - 0x00007ff8f9114000 	C:\Xilinx\Vivado\2018.3\lib\win64.o\librdi_place.dll
0x00007ff8f61f0000 - 0x00007ff8f68e5000 	C:\Xilinx\Vivado\2018.3\lib\win64.o\librdi_power.dll
0x00007ff8f5c90000 - 0x00007ff8f61e6000 	C:\Xilinx\Vivado\2018.3\lib\win64.o\librdi_project.dll
0x00007ff8f5590000 - 0x00007ff8f5c83000 	C:\Xilinx\Vivado\2018.3\lib\win64.o\librdi_psta.dll
0x00007ff8f4ad0000 - 0x00007ff8f4ea7000 	C:\Xilinx\Vivado\2018.3\lib\win64.o\librdi_runs.dll
0x00007ff918140000 - 0x00007ff918218000 	C:\Xilinx\Vivado\2018.3\lib\win64.o\librdi_runsbase.dll
0x00007ff8f4eb0000 - 0x00007ff8f5589000 	C:\Xilinx\Vivado\2018.3\lib\win64.o\librdi_rsb.dll
0x00007ff8f48a0000 - 0x00007ff8f4ac8000 	C:\Xilinx\Vivado\2018.3\lib\win64.o\librdi_simdata.dll
0x00007ff8f3b10000 - 0x00007ff8f489d000 	C:\Xilinx\Vivado\2018.3\lib\win64.o\librdi_timing.dll
0x00007ff8f39b0000 - 0x00007ff8f3b04000 	C:\Xilinx\Vivado\2018.3\lib\win64.o\librdi_advchipscopeimpl.dll
0x00007ff91d0c0000 - 0x00007ff91d10c000 	C:\Xilinx\Vivado\2018.3\lib\win64.o\libboost_serialization.dll
0x00007ff918080000 - 0x00007ff918138000 	C:\Xilinx\Vivado\2018.3\lib\win64.o\librdi_hip_devdesign.dll
0x00007ff917d00000 - 0x00007ff917dab000 	C:\Xilinx\Vivado\2018.3\lib\win64.o\librdi_ipconfig_readwrite.dll
0x00007ff951100000 - 0x00007ff951138000 	C:\Xilinx\Vivado\2018.3\lib\win64.o\librdi_noc_frameworks.dll
0x00007ff8f2aa0000 - 0x00007ff8f2e55000 	C:\Xilinx\Vivado\2018.3\lib\win64.o\librdi_hip_config.dll
0x00007ff916fe0000 - 0x00007ff91707e000 	C:\Xilinx\Vivado\2018.3\lib\win64.o\libise.dll
0x00007ff8f2550000 - 0x00007ff8f2a9e000 	C:\Xilinx\Vivado\2018.3\lib\win64.o\librdi_xdm.dll
0x00007ff8f2e60000 - 0x00007ff8f39a7000 	C:\Xilinx\Vivado\2018.3\lib\win64.o\libverific.dll

VM Arguments:
jvm_args: -Dsun.java2d.pmoffscreen=false -Dsun.java2d.xrender=false -Dsun.java2d.d3d=false -Dsun.awt.nopixfmt=true -Dsun.java2d.dpiaware=true -Dsun.java2d.uiScale.enabled=false -Xverify:none -Dswing.aatext=true -XX:-UsePerfData -Djdk.map.althashing.threshold=512 -XX:StringTableSize=4072 --add-opens=java.base/java.nio=ALL-UNNAMED --add-opens=java.desktop/sun.swing=ALL-UNNAMED --add-opens=java.desktop/javax.swing=ALL-UNNAMED --add-opens=java.desktop/javax.swing.tree=ALL-UNNAMED --add-opens=java.desktop/javax.swing.plaf.basic=ALL-UNNAMED --add-opens=java.desktop/javax.swing.plaf.synth=ALL-UNNAMED --add-opens=java.desktop/com.sun.awt=ALL-UNNAMED -XX:NewSize=60m -XX:MaxNewSize=60m -Xms128m -Xmx3072m -Xss5m 
java_command: <unknown>
java_class_path (initial): C:/Xilinx/Vivado/2018.3\lib\classes\alloy.jar;C:/Xilinx/Vivado/2018.3\lib\classes\autopilot.scelaborator.jar;C:/Xilinx/Vivado/2018.3\lib\classes\autopilot.sourceprocessor.jar;C:/Xilinx/Vivado/2018.3\lib\classes\autopilot.tbprocessor.jar;C:/Xilinx/Vivado/2018.3\lib\classes\batik-anim.jar;C:/Xilinx/Vivado/2018.3\lib\classes\batik-awt-util.jar;C:/Xilinx/Vivado/2018.3\lib\classes\batik-bridge.jar;C:/Xilinx/Vivado/2018.3\lib\classes\batik-codec.jar;C:/Xilinx/Vivado/2018.3\lib\classes\batik-css.jar;C:/Xilinx/Vivado/2018.3\lib\classes\batik-dom.jar;C:/Xilinx/Vivado/2018.3\lib\classes\batik-ext.jar;C:/Xilinx/Vivado/2018.3\lib\classes\batik-gui-util.jar;C:/Xilinx/Vivado/2018.3\lib\classes\batik-gvt.jar;C:/Xilinx/Vivado/2018.3\lib\classes\batik-parser.jar;C:/Xilinx/Vivado/2018.3\lib\classes\batik-script.jar;C:/Xilinx/Vivado/2018.3\lib\classes\batik-svg-dom.jar;C:/Xilinx/Vivado/2018.3\lib\classes\batik-swing.jar;C:/Xilinx/Vivado/2018.3\lib\classes\batik-transcoder.jar;C:/Xilinx/Vivado/2018.3\lib\classes\batik-util.jar;C:/Xilinx/Vivado/2018.3\lib\classes\batik-xml.jar;C:/Xilinx/Vivado/2018.3\lib\classes\com.ibm.icu_4.4.2.v20110208.jar;C:/Xilinx/Vivado/2018.3\lib\classes\commons-collections4-4.1.jar;C:/Xilinx/Vivado/2018.3\lib\classes\commons-math-2.2.jar;C:/Xilinx/Vivado/2018.3\lib\classes\dom4j-1.6.1.jar;C:/Xilinx/Vivado/2018.3\lib\classes\guava-18.0.jar;C:/Xilinx/Vivado/2018.3\lib\classes\help.jar;C:/Xilinx/Vivado/2018.3\lib\classes\hsqldb.jar;C:/Xilinx/Vivado/2018.3\lib\classes\jargs.jar;C:/Xilinx/Vivado/2018.3\lib\classes\jaxb-api-2.3.0.jar;C:/Xilinx/Vivado/2018.3\lib\classes\jh.jar;C:/Xilinx/Vivado/2018.3\lib\classes\jide-action.jar;C:/Xilinx/Vivado/2018.3\lib\classes\jide-charts.jar;C:/Xilinx/Vivado/2018.3\lib\classes\jide-common.jar;C:/Xilinx/Vivado/2018.3\lib\classes\jide-components.jar;C:/Xilinx/Vivado/2018.3\lib\classes\jide-dashboard.jar;C:/Xilinx/Vivado/2018.3\lib\classes\jide-data.jar;C:/Xilinx/Vivado/2018.3\lib\classes\jide-dialogs.jar
Launcher Type: generic

Logging:
Log output configuration:
#0: stdout all=warning uptime,level,tags
#1: stderr all=off uptime,level,tags

Environment Variables:
JAVA_HOME=C:\Program Files\Java\jdk1.8.0_181
CLASSPATH=.;C:\Program Files\Java\jdk1.8.0_181\lib;C:\Program Files\Java\jdk1.8.0_181\lib\tools.jar
PATH=C:/Xilinx/Vivado/2018.3/bin;C:/Xilinx/Vivado/2018.3/lib/win64.o;C:/Xilinx/Vivado/2018.3/tps/win64/jre9.0.4/bin/server;C:/Xilinx/Vivado/2018.3/tps/win64/jre9.0.4/bin;C:/Xilinx/SDK/2018.3/bin;C:/Xilinx/Vivado/2018.3/ids_lite/ISE/bin/nt64;C:/Xilinx/Vivado/2018.3/ids_lite/ISE/lib/nt64;C:\Program Files (x86)\Intel\Intel(R) Management Engine Components\iCLS\;C:\Program Files\Intel\Intel(R) Management Engine Components\iCLS\;C:\Windows\system32;C:\Windows;C:\Windows\System32\Wbem;C:\Windows\System32\WindowsPowerShell\v1.0\;C:\Windows\System32\OpenSSH\;C:\Program Files (x86)\Intel\Intel(R) Management Engine Components\DAL;C:\Program Files\Intel\Intel(R) Management Engine Components\DAL;C:\Program Files (x86)\Intel\Intel(R) Management Engine Components\IPT;C:\Program Files\Intel\Intel(R) Management Engine Components\IPT;C:\Program Files\Java\jdk1.8.0_181\bin;C:\Program Files\Java\jdk1.8.0_181\jre\bin;C:\Users\Administrator\AppData\Local\Programs\Python\Python37\Scripts\;C:\Users\Administrator\AppData\Local\Programs\Python\Python37\;C:\Users\Administrator\AppData\Local\Microsoft\WindowsApps;;C:/Xilinx/Vivado/2018.3\tps\mingw\6.2.0\win64.o\nt\bin;C:/Xilinx/Vivado/2018.3\tps\mingw\6.2.0\win64.o\nt\libexec\gcc\x86_64-w64-mingw32\6.2.0
USERNAME=Administrator
OS=Windows_NT
PROCESSOR_IDENTIFIER=Intel64 Family 6 Model 158 Stepping 10, GenuineIntel



---------------  S Y S T E M  ---------------

OS: Windows 10 , 64 bit Build 17134 (10.0.17134.1)

CPU:total 12 (initial active 12) (6 cores per cpu, 2 threads per core) family 6 model 158 stepping 10, cmov, cx8, fxsr, mmx, sse, sse2, sse3, ssse3, sse4.1, sse4.2, popcnt, avx, avx2, aes, clmul, erms, rtm, 3dnowpref, lzcnt, ht, tsc, tscinvbit, bmi1, bmi2, adx, fma

Memory: 4k page, physical 16656776k(12917152k free), swap 19671432k(14359116k free)

vm_info: Java HotSpot(TM) 64-Bit Server VM (9.0.4+11) for windows-amd64 JRE (9.0.4+11), built on Dec 20 2017 02:18:54 by "mach5one" with MS VC++ 12.0 (VS2013)

END.
